<?xml version="1.0" encoding="UTF-8" ?>
<testsuite failures="3" time="11.524" errors="1" skipped="0" tests="6" name="za.ac.wits.cpd.elen7046.group2.DataExtractorTest">
  <properties>
[...]
</properties>
  <testcase time="0.001" classname="za.ac.wits.cpd.elen7046.group2.DataExtractorTest" name="testStreamData"/>
  <testcase time="2.632" classname="za.ac.wits.cpd.elen7046.group2.DataExtractorTest" name="testFetchTime">
    <error message="0" type="java.lang.ArrayIndexOutOfBoundsException">java.lang.ArrayIndexOutOfBoundsException: 0
	at za.ac.wits.cpd.service.bigdatavisual.TweetMapper.toHashTags(TweetMapper.java:232)
	at za.ac.wits.cpd.service.bigdatavisual.TweetMapper.toTweet(TweetMapper.java:27)
	at za.ac.wits.cpd.service.bigdatavisual.TweetsDataExtractor.fetchTimelineTweet(TweetsDataExtractor.java:99)
	at za.ac.wits.cpd.elen7046.group2.DataExtractorTest.testFetchTime(DataExtractorTest.java:32)
	at sun.reflect.NativeMethodAccessorImpl.invoke0(Native Method)
	at sun.reflect.NativeMethodAccessorImpl.invoke(NativeMethodAccessorImpl.java:57)
	at sun.reflect.DelegatingMethodAccessorImpl.invoke(DelegatingMethodAccessorImpl.java:43)
	at java.lang.reflect.Method.invoke(Method.java:606)
	at org.junit.runners.model.FrameworkMethod$1.runReflectiveCall(FrameworkMethod.java:50)
	at org.junit.internal.runners.model.ReflectiveCallable.run(ReflectiveCallable.java:12)
	at org.junit.runners.model.FrameworkMethod.invokeExplosively(FrameworkMethod.java:47)
	at org.junit.internal.runners.statements.InvokeMethod.evaluate(InvokeMethod.java:17)
	at org.junit.internal.runners.statements.RunBefores.evaluate(RunBefores.java:26)
	at org.junit.runners.ParentRunner.runLeaf(ParentRunner.java:325)
	at org.junit.runners.BlockJUnit4ClassRunner.runChild(BlockJUnit4ClassRunner.java:78)
	at org.junit.runners.BlockJUnit4ClassRunner.runChild(BlockJUnit4ClassRunner.java:57)
	at org.junit.runners.ParentRunner$3.run(ParentRunner.java:290)
	at org.junit.runners.ParentRunner$1.schedule(ParentRunner.java:71)
	at org.junit.runners.ParentRunner.runChildren(ParentRunner.java:288)
	at org.junit.runners.ParentRunner.access$000(ParentRunner.java:58)
	at org.junit.runners.ParentRunner$2.evaluate(ParentRunner.java:268)
	at org.junit.runners.ParentRunner.run(ParentRunner.java:363)
	at org.apache.maven.surefire.junit4.JUnit4Provider.execute(JUnit4Provider.java:252)
	at org.apache.maven.surefire.junit4.JUnit4Provider.executeTestSet(JUnit4Provider.java:141)
	at org.apache.maven.surefire.junit4.JUnit4Provider.invoke(JUnit4Provider.java:112)
	at sun.reflect.NativeMethodAccessorImpl.invoke0(Native Method)
	at sun.reflect.NativeMethodAccessorImpl.invoke(NativeMethodAccessorImpl.java:57)
	at sun.reflect.DelegatingMethodAccessorImpl.invoke(DelegatingMethodAccessorImpl.java:43)
	at java.lang.reflect.Method.invoke(Method.java:606)
	at org.apache.maven.surefire.util.ReflectionUtils.invokeMethodWithArray(ReflectionUtils.java:189)
	at org.apache.maven.surefire.booter.ProviderFactory$ProviderProxy.invoke(ProviderFactory.java:165)
	at org.apache.maven.surefire.booter.ProviderFactory.invokeProvider(ProviderFactory.java:85)
	at org.apache.maven.surefire.booter.ForkedBooter.runSuitesInProcess(ForkedBooter.java:115)
	at org.apache.maven.surefire.booter.ForkedBooter.main(ForkedBooter.java:75)
</error>
    <system-err>May 15, 2016 12:36:54 PM com.mongodb.diagnostics.logging.JULLogger log
INFO: Opened connection [connectionId{localValue:1, serverValue:1}] to 127.0.0.1:27017
May 15, 2016 12:36:54 PM com.mongodb.diagnostics.logging.JULLogger log
INFO: Monitor thread successfully connected to server with description ServerDescription{address=127.0.0.1:27017, type=STANDALONE, state=CONNECTED, ok=true, version=ServerVersion{versionList=[3, 2, 6]}, minWireVersion=0, maxWireVersion=4, maxDocumentSize=16777216, roundTripTimeNanos=621817}
May 15, 2016 12:36:56 PM za.ac.wits.cpd.service.bigdatavisual.TweetsDataExtractor fetchTimelineTweet
INFO: JSON tweet: {&quot;contributors&quot;:null,&quot;text&quot;:&quot;Confused by Twitter API coordinates&quot;,&quot;geo&quot;:{&quot;type&quot;:&quot;Point&quot;,&quot;coordinates&quot;:[-25.8537711,28.1927347]},&quot;retweeted&quot;:false,&quot;in_reply_to_screen_name&quot;:null,&quot;truncated&quot;:false,&quot;lang&quot;:&quot;en&quot;,&quot;entities&quot;:{&quot;symbols&quot;:[],&quot;urls&quot;:[],&quot;hashtags&quot;:[],&quot;user_mentions&quot;:[]},&quot;in_reply_to_status_id_str&quot;:null,&quot;is_quote_status&quot;:false,&quot;id&quot;:725661401046519808,&quot;source&quot;:&quot;&lt;a href=\&quot;http:\/\/twitter.com\/download\/android\&quot; rel=\&quot;nofollow\&quot;&gt;Twitter for Android&lt;\/a&gt;&quot;,&quot;in_reply_to_user_id_str&quot;:null,&quot;favorited&quot;:false,&quot;in_reply_to_status_id&quot;:null,&quot;retweet_count&quot;:0,&quot;created_at&quot;:&quot;Thu Apr 28 12:22:14 +0000 2016&quot;,&quot;in_reply_to_user_id&quot;:null,&quot;favorite_count&quot;:0,&quot;id_str&quot;:&quot;725661401046519808&quot;,&quot;place&quot;:{&quot;id&quot;:&quot;5cec72198f148645&quot;,&quot;bounding_box&quot;:{&quot;type&quot;:&quot;Polygon&quot;,&quot;coordinates&quot;:[[[28.165292,-26.0086342],[28.1904336,-26.0086342],[28.1904336,-25.9902843],[28.165292,-25.9902843]]]},&quot;place_type&quot;:&quot;city&quot;,&quot;contained_within&quot;:[],&quot;name&quot;:&quot;Ebony Park&quot;,&quot;attributes&quot;:{},&quot;country_code&quot;:&quot;ZA&quot;,&quot;url&quot;:&quot;https:\/\/api.twitter.com\/1.1\/geo\/id\/5cec72198f148645.json&quot;,&quot;country&quot;:&quot;South Africa&quot;,&quot;full_name&quot;:&quot;Ebony Park, South Africa&quot;},&quot;user&quot;:{&quot;location&quot;:&quot;Pretoria&quot;,&quot;default_profile&quot;:true,&quot;profile_background_tile&quot;:false,&quot;statuses_count&quot;:189,&quot;lang&quot;:&quot;en&quot;,&quot;profile_link_color&quot;:&quot;0084B4&quot;,&quot;profile_banner_url&quot;:&quot;https:\/\/pbs.twimg.com\/profile_banners\/135762068\/1447053937&quot;,&quot;id&quot;:135762068,&quot;following&quot;:null,&quot;protected&quot;:false,&quot;favourites_count&quot;:7,&quot;profile_text_color&quot;:&quot;333333&quot;,&quot;description&quot;:&quot;Senior Software Developer (Java) by profession, photography is my passion. I&apos;m a stock market beginner, Kaizer Chiefs &amp; Chelsea fan. I&apos;m proudly South African!&quot;,&quot;verified&quot;:false,&quot;contributors_enabled&quot;:false,&quot;profile_sidebar_border_color&quot;:&quot;C0DEED&quot;,&quot;name&quot;:&quot;Matsobane C Khwinana&quot;,&quot;profile_background_color&quot;:&quot;C0DEED&quot;,&quot;created_at&quot;:&quot;Thu Apr 22 05:26:30 +0000 2010&quot;,&quot;is_translation_enabled&quot;:false,&quot;default_profile_image&quot;:false,&quot;followers_count&quot;:65,&quot;has_extended_profile&quot;:false,&quot;profile_image_url_https&quot;:&quot;https:\/\/pbs.twimg.com\/profile_images\/1424525782\/Carl2_normal.jpg&quot;,&quot;geo_enabled&quot;:true,&quot;profile_background_image_url&quot;:&quot;http:\/\/abs.twimg.com\/images\/themes\/theme1\/bg.png&quot;,&quot;profile_background_image_url_https&quot;:&quot;https:\/\/abs.twimg.com\/images\/themes\/theme1\/bg.png&quot;,&quot;follow_request_sent&quot;:null,&quot;entities&quot;:{&quot;description&quot;:{&quot;urls&quot;:[]},&quot;url&quot;:{&quot;urls&quot;:[{&quot;expanded_url&quot;:&quot;http:\/\/www.khwinana.co.za&quot;,&quot;indices&quot;:[0,22],&quot;display_url&quot;:&quot;khwinana.co.za&quot;,&quot;url&quot;:&quot;http:\/\/t.co\/K8K3IpMC3Z&quot;}]}},&quot;url&quot;:&quot;http:\/\/t.co\/K8K3IpMC3Z&quot;,&quot;utc_offset&quot;:null,&quot;time_zone&quot;:null,&quot;notifications&quot;:null,&quot;profile_use_background_image&quot;:true,&quot;friends_count&quot;:233,&quot;profile_sidebar_fill_color&quot;:&quot;DDEEF6&quot;,&quot;screen_name&quot;:&quot;MatsobaneCarl&quot;,&quot;id_str&quot;:&quot;135762068&quot;,&quot;profile_image_url&quot;:&quot;http:\/\/pbs.twimg.com\/profile_images\/1424525782\/Carl2_normal.jpg&quot;,&quot;listed_count&quot;:1,&quot;is_translator&quot;:false},&quot;coordinates&quot;:{&quot;type&quot;:&quot;Point&quot;,&quot;coordinates&quot;:[28.1927347,-25.8537711]}}
May 15, 2016 12:36:56 PM za.ac.wits.cpd.service.bigdatavisual.TweetMapper toGregorianCalendar
OFF: Calendar date UTC : Thu Apr 28 12:22:14 UTC 2016
May 15, 2016 12:36:56 PM za.ac.wits.cpd.service.bigdatavisual.TweetMapper toGregorianCalendar
OFF: JSON provided date: Thu Apr 28 12:22:14 +0000 2016
</system-err>
  </testcase>
  <testcase time="2.727" classname="za.ac.wits.cpd.elen7046.group2.DataExtractorTest" name="testExtractDataWithCount">
    <failure type="java.lang.AssertionError">java.lang.AssertionError
	at org.junit.Assert.fail(Assert.java:86)
	at org.junit.Assert.assertTrue(Assert.java:41)
	at org.junit.Assert.assertTrue(Assert.java:52)
	at za.ac.wits.cpd.elen7046.group2.DataExtractorTest.testExtractDataWithCount(DataExtractorTest.java:74)
	at sun.reflect.NativeMethodAccessorImpl.invoke0(Native Method)
	at sun.reflect.NativeMethodAccessorImpl.invoke(NativeMethodAccessorImpl.java:57)
	at sun.reflect.DelegatingMethodAccessorImpl.invoke(DelegatingMethodAccessorImpl.java:43)
	at java.lang.reflect.Method.invoke(Method.java:606)
	at org.junit.runners.model.FrameworkMethod$1.runReflectiveCall(FrameworkMethod.java:50)
	at org.junit.internal.runners.model.ReflectiveCallable.run(ReflectiveCallable.java:12)
	at org.junit.runners.model.FrameworkMethod.invokeExplosively(FrameworkMethod.java:47)
	at org.junit.internal.runners.statements.InvokeMethod.evaluate(InvokeMethod.java:17)
	at org.junit.internal.runners.statements.RunBefores.evaluate(RunBefores.java:26)
	at org.junit.runners.ParentRunner.runLeaf(ParentRunner.java:325)
	at org.junit.runners.BlockJUnit4ClassRunner.runChild(BlockJUnit4ClassRunner.java:78)
	at org.junit.runners.BlockJUnit4ClassRunner.runChild(BlockJUnit4ClassRunner.java:57)
	at org.junit.runners.ParentRunner$3.run(ParentRunner.java:290)
	at org.junit.runners.ParentRunner$1.schedule(ParentRunner.java:71)
	at org.junit.runners.ParentRunner.runChildren(ParentRunner.java:288)
	at org.junit.runners.ParentRunner.access$000(ParentRunner.java:58)
	at org.junit.runners.ParentRunner$2.evaluate(ParentRunner.java:268)
	at org.junit.runners.ParentRunner.run(ParentRunner.java:363)
	at org.apache.maven.surefire.junit4.JUnit4Provider.execute(JUnit4Provider.java:252)
	at org.apache.maven.surefire.junit4.JUnit4Provider.executeTestSet(JUnit4Provider.java:141)
	at org.apache.maven.surefire.junit4.JUnit4Provider.invoke(JUnit4Provider.java:112)
	at sun.reflect.NativeMethodAccessorImpl.invoke0(Native Method)
	at sun.reflect.NativeMethodAccessorImpl.invoke(NativeMethodAccessorImpl.java:57)
	at sun.reflect.DelegatingMethodAccessorImpl.invoke(DelegatingMethodAccessorImpl.java:43)
	at java.lang.reflect.Method.invoke(Method.java:606)
	at org.apache.maven.surefire.util.ReflectionUtils.invokeMethodWithArray(ReflectionUtils.java:189)
	at org.apache.maven.surefire.booter.ProviderFactory$ProviderProxy.invoke(ProviderFactory.java:165)
	at org.apache.maven.surefire.booter.ProviderFactory.invokeProvider(ProviderFactory.java:85)
	at org.apache.maven.surefire.booter.ForkedBooter.runSuitesInProcess(ForkedBooter.java:115)
	at org.apache.maven.surefire.booter.ForkedBooter.main(ForkedBooter.java:75)
</failure>
    <system-out>url: https://api.twitter.com/1.1/search/tweets.json?q=%23OscarPistorius&amp;count=5&amp;cursor=0
First 5 statuses returned!!!
: [{&quot;retweeted&quot;:false,&quot;in_reply_to_screen_name&quot;:null,&quot;possibly_sensitive&quot;:false,&quot;truncated&quot;:false,&quot;lang&quot;:&quot;und&quot;,&quot;in_reply_to_status_id_str&quot;:null,&quot;id&quot;:731795103895961605,&quot;in_reply_to_user_id_str&quot;:null,&quot;in_reply_to_status_id&quot;:null,&quot;created_at&quot;:&quot;Sun May 15 10:35:23 +0000 2016&quot;,&quot;favorite_count&quot;:0,&quot;place&quot;:null,&quot;coordinates&quot;:null,&quot;metadata&quot;:{&quot;result_type&quot;:&quot;recent&quot;,&quot;iso_language_code&quot;:&quot;und&quot;},&quot;text&quot;:&quot;#oscarpistorius #compassion https:\/\/t.co\/aFaTVGM9Gh&quot;,&quot;contributors&quot;:null,&quot;geo&quot;:null,&quot;entities&quot;:{&quot;symbols&quot;:[],&quot;urls&quot;:[],&quot;hashtags&quot;:[{&quot;text&quot;:&quot;oscarpistorius&quot;,&quot;indices&quot;:[0,15]},{&quot;text&quot;:&quot;compassion&quot;,&quot;indices&quot;:[16,27]}],&quot;media&quot;:[{&quot;sizes&quot;:{&quot;thumb&quot;:{&quot;w&quot;:150,&quot;resize&quot;:&quot;crop&quot;,&quot;h&quot;:150},&quot;small&quot;:{&quot;w&quot;:340,&quot;resize&quot;:&quot;fit&quot;,&quot;h&quot;:510},&quot;medium&quot;:{&quot;w&quot;:600,&quot;resize&quot;:&quot;fit&quot;,&quot;h&quot;:900},&quot;large&quot;:{&quot;w&quot;:640,&quot;resize&quot;:&quot;fit&quot;,&quot;h&quot;:960}},&quot;id&quot;:731795058689736704,&quot;media_url_https&quot;:&quot;https:\/\/pbs.twimg.com\/media\/CifbuomWgAAtE4T.jpg&quot;,&quot;media_url&quot;:&quot;http:\/\/pbs.twimg.com\/media\/CifbuomWgAAtE4T.jpg&quot;,&quot;expanded_url&quot;:&quot;http:\/\/twitter.com\/candc_x199\/status\/731795103895961605\/photo\/1&quot;,&quot;indices&quot;:[28,51],&quot;id_str&quot;:&quot;731795058689736704&quot;,&quot;type&quot;:&quot;photo&quot;,&quot;display_url&quot;:&quot;pic.twitter.com\/aFaTVGM9Gh&quot;,&quot;url&quot;:&quot;https:\/\/t.co\/aFaTVGM9Gh&quot;}],&quot;user_mentions&quot;:[]},&quot;is_quote_status&quot;:false,&quot;source&quot;:&quot;&lt;a href=\&quot;http:\/\/twitter.com\/download\/iphone\&quot; rel=\&quot;nofollow\&quot;&gt;Twitter for iPhone&lt;\/a&gt;&quot;,&quot;favorited&quot;:false,&quot;in_reply_to_user_id&quot;:null,&quot;retweet_count&quot;:0,&quot;id_str&quot;:&quot;731795103895961605&quot;,&quot;user&quot;:{&quot;location&quot;:&quot;&quot;,&quot;default_profile&quot;:true,&quot;profile_background_tile&quot;:false,&quot;statuses_count&quot;:779,&quot;lang&quot;:&quot;en-GB&quot;,&quot;profile_link_color&quot;:&quot;0084B4&quot;,&quot;profile_banner_url&quot;:&quot;https:\/\/pbs.twimg.com\/profile_banners\/3888529515\/1461313548&quot;,&quot;id&quot;:3888529515,&quot;following&quot;:null,&quot;protected&quot;:false,&quot;favourites_count&quot;:216,&quot;profile_text_color&quot;:&quot;333333&quot;,&quot;description&quot;:&quot;&quot;,&quot;verified&quot;:false,&quot;contributors_enabled&quot;:false,&quot;profile_sidebar_border_color&quot;:&quot;C0DEED&quot;,&quot;name&quot;:&quot;X199 C&amp;C&quot;,&quot;profile_background_color&quot;:&quot;C0DEED&quot;,&quot;created_at&quot;:&quot;Wed Oct 07 09:00:20 +0000 2015&quot;,&quot;is_translation_enabled&quot;:false,&quot;default_profile_image&quot;:false,&quot;followers_count&quot;:124,&quot;has_extended_profile&quot;:false,&quot;profile_image_url_https&quot;:&quot;https:\/\/pbs.twimg.com\/profile_images\/651684259976081412\/7YL-KY3u_normal.jpg&quot;,&quot;geo_enabled&quot;:true,&quot;profile_background_image_url&quot;:&quot;http:\/\/abs.twimg.com\/images\/themes\/theme1\/bg.png&quot;,&quot;profile_background_image_url_https&quot;:&quot;https:\/\/abs.twimg.com\/images\/themes\/theme1\/bg.png&quot;,&quot;follow_request_sent&quot;:null,&quot;entities&quot;:{&quot;description&quot;:{&quot;urls&quot;:[]}},&quot;url&quot;:null,&quot;utc_offset&quot;:null,&quot;time_zone&quot;:null,&quot;notifications&quot;:null,&quot;profile_use_background_image&quot;:true,&quot;friends_count&quot;:90,&quot;profile_sidebar_fill_color&quot;:&quot;DDEEF6&quot;,&quot;screen_name&quot;:&quot;candc_x199&quot;,&quot;id_str&quot;:&quot;3888529515&quot;,&quot;profile_image_url&quot;:&quot;http:\/\/pbs.twimg.com\/profile_images\/651684259976081412\/7YL-KY3u_normal.jpg&quot;,&quot;listed_count&quot;:0,&quot;is_translator&quot;:false}},{&quot;retweeted&quot;:false,&quot;in_reply_to_screen_name&quot;:null,&quot;possibly_sensitive&quot;:false,&quot;truncated&quot;:false,&quot;lang&quot;:&quot;und&quot;,&quot;in_reply_to_status_id_str&quot;:null,&quot;id&quot;:731794939173076992,&quot;in_reply_to_user_id_str&quot;:null,&quot;in_reply_to_status_id&quot;:null,&quot;created_at&quot;:&quot;Sun May 15 10:34:44 +0000 2016&quot;,&quot;favorite_count&quot;:0,&quot;place&quot;:null,&quot;coordinates&quot;:null,&quot;metadata&quot;:{&quot;result_type&quot;:&quot;recent&quot;,&quot;iso_language_code&quot;:&quot;und&quot;},&quot;text&quot;:&quot;#oscarpistorius https:\/\/t.co\/Ms3uyUt5G8&quot;,&quot;contributors&quot;:null,&quot;geo&quot;:null,&quot;entities&quot;:{&quot;symbols&quot;:[],&quot;urls&quot;:[],&quot;hashtags&quot;:[{&quot;text&quot;:&quot;oscarpistorius&quot;,&quot;indices&quot;:[0,15]}],&quot;media&quot;:[{&quot;sizes&quot;:{&quot;small&quot;:{&quot;w&quot;:340,&quot;resize&quot;:&quot;fit&quot;,&quot;h&quot;:285},&quot;thumb&quot;:{&quot;w&quot;:150,&quot;resize&quot;:&quot;crop&quot;,&quot;h&quot;:150},&quot;large&quot;:{&quot;w&quot;:620,&quot;resize&quot;:&quot;fit&quot;,&quot;h&quot;:520},&quot;medium&quot;:{&quot;w&quot;:600,&quot;resize&quot;:&quot;fit&quot;,&quot;h&quot;:503}},&quot;id&quot;:731794903555014656,&quot;media_url_https&quot;:&quot;https:\/\/pbs.twimg.com\/media\/CifblmrWgAArM5M.jpg&quot;,&quot;media_url&quot;:&quot;http:\/\/pbs.twimg.com\/media\/CifblmrWgAArM5M.jpg&quot;,&quot;expanded_url&quot;:&quot;http:\/\/twitter.com\/candc_x199\/status\/731794939173076992\/photo\/1&quot;,&quot;indices&quot;:[16,39],&quot;id_str&quot;:&quot;731794903555014656&quot;,&quot;type&quot;:&quot;photo&quot;,&quot;display_url&quot;:&quot;pic.twitter.com\/Ms3uyUt5G8&quot;,&quot;url&quot;:&quot;https:\/\/t.co\/Ms3uyUt5G8&quot;}],&quot;user_mentions&quot;:[]},&quot;is_quote_status&quot;:false,&quot;source&quot;:&quot;&lt;a href=\&quot;http:\/\/twitter.com\/download\/iphone\&quot; rel=\&quot;nofollow\&quot;&gt;Twitter for iPhone&lt;\/a&gt;&quot;,&quot;favorited&quot;:false,&quot;in_reply_to_user_id&quot;:null,&quot;retweet_count&quot;:0,&quot;id_str&quot;:&quot;731794939173076992&quot;,&quot;user&quot;:{&quot;location&quot;:&quot;&quot;,&quot;default_profile&quot;:true,&quot;profile_background_tile&quot;:false,&quot;statuses_count&quot;:779,&quot;lang&quot;:&quot;en-GB&quot;,&quot;profile_link_color&quot;:&quot;0084B4&quot;,&quot;profile_banner_url&quot;:&quot;https:\/\/pbs.twimg.com\/profile_banners\/3888529515\/1461313548&quot;,&quot;id&quot;:3888529515,&quot;following&quot;:null,&quot;protected&quot;:false,&quot;favourites_count&quot;:216,&quot;profile_text_color&quot;:&quot;333333&quot;,&quot;description&quot;:&quot;&quot;,&quot;verified&quot;:false,&quot;contributors_enabled&quot;:false,&quot;profile_sidebar_border_color&quot;:&quot;C0DEED&quot;,&quot;name&quot;:&quot;X199 C&amp;C&quot;,&quot;profile_background_color&quot;:&quot;C0DEED&quot;,&quot;created_at&quot;:&quot;Wed Oct 07 09:00:20 +0000 2015&quot;,&quot;is_translation_enabled&quot;:false,&quot;default_profile_image&quot;:false,&quot;followers_count&quot;:124,&quot;has_extended_profile&quot;:false,&quot;profile_image_url_https&quot;:&quot;https:\/\/pbs.twimg.com\/profile_images\/651684259976081412\/7YL-KY3u_normal.jpg&quot;,&quot;geo_enabled&quot;:true,&quot;profile_background_image_url&quot;:&quot;http:\/\/abs.twimg.com\/images\/themes\/theme1\/bg.png&quot;,&quot;profile_background_image_url_https&quot;:&quot;https:\/\/abs.twimg.com\/images\/themes\/theme1\/bg.png&quot;,&quot;follow_request_sent&quot;:null,&quot;entities&quot;:{&quot;description&quot;:{&quot;urls&quot;:[]}},&quot;url&quot;:null,&quot;utc_offset&quot;:null,&quot;time_zone&quot;:null,&quot;notifications&quot;:null,&quot;profile_use_background_image&quot;:true,&quot;friends_count&quot;:90,&quot;profile_sidebar_fill_color&quot;:&quot;DDEEF6&quot;,&quot;screen_name&quot;:&quot;candc_x199&quot;,&quot;id_str&quot;:&quot;3888529515&quot;,&quot;profile_image_url&quot;:&quot;http:\/\/pbs.twimg.com\/profile_images\/651684259976081412\/7YL-KY3u_normal.jpg&quot;,&quot;listed_count&quot;:0,&quot;is_translator&quot;:false}},{&quot;retweeted&quot;:false,&quot;in_reply_to_screen_name&quot;:null,&quot;possibly_sensitive&quot;:false,&quot;truncated&quot;:false,&quot;lang&quot;:&quot;en&quot;,&quot;in_reply_to_status_id_str&quot;:null,&quot;id&quot;:731772952883122176,&quot;in_reply_to_user_id_str&quot;:null,&quot;in_reply_to_status_id&quot;:null,&quot;created_at&quot;:&quot;Sun May 15 09:07:22 +0000 2016&quot;,&quot;favorite_count&quot;:0,&quot;place&quot;:null,&quot;coordinates&quot;:null,&quot;metadata&quot;:{&quot;result_type&quot;:&quot;recent&quot;,&quot;iso_language_code&quot;:&quot;en&quot;},&quot;text&quot;:&quot;RT @HeatherMalch: The Oscar Pistorius Case - NOT a women&apos;s rights issue. https:\/\/t.co\/DYpZJMExSQ via @TheNewsHub #OscarPistorius&quot;,&quot;contributors&quot;:null,&quot;retweeted_status&quot;:{&quot;retweeted&quot;:false,&quot;in_reply_to_screen_name&quot;:null,&quot;possibly_sensitive&quot;:false,&quot;truncated&quot;:false,&quot;lang&quot;:&quot;en&quot;,&quot;in_reply_to_status_id_str&quot;:null,&quot;id&quot;:729556653755011072,&quot;in_reply_to_user_id_str&quot;:null,&quot;in_reply_to_status_id&quot;:null,&quot;created_at&quot;:&quot;Mon May 09 06:20:35 +0000 2016&quot;,&quot;favorite_count&quot;:16,&quot;place&quot;:null,&quot;coordinates&quot;:null,&quot;metadata&quot;:{&quot;result_type&quot;:&quot;recent&quot;,&quot;iso_language_code&quot;:&quot;en&quot;},&quot;text&quot;:&quot;The Oscar Pistorius Case - NOT a women&apos;s rights issue. https:\/\/t.co\/DYpZJMExSQ via @TheNewsHub #OscarPistorius&quot;,&quot;contributors&quot;:null,&quot;geo&quot;:null,&quot;entities&quot;:{&quot;symbols&quot;:[],&quot;urls&quot;:[{&quot;expanded_url&quot;:&quot;https:\/\/www.the-newshub.com\/international\/the-oscar-pistorius-case&quot;,&quot;indices&quot;:[55,78],&quot;display_url&quot;:&quot;the-newshub.com\/international\/\u2026&quot;,&quot;url&quot;:&quot;https:\/\/t.co\/DYpZJMExSQ&quot;}],&quot;hashtags&quot;:[{&quot;text&quot;:&quot;OscarPistorius&quot;,&quot;indices&quot;:[95,110]}],&quot;user_mentions&quot;:[{&quot;id&quot;:1883424968,&quot;name&quot;:&quot;The News Hub&quot;,&quot;indices&quot;:[83,94],&quot;screen_name&quot;:&quot;TheNewsHub&quot;,&quot;id_str&quot;:&quot;1883424968&quot;}]},&quot;is_quote_status&quot;:false,&quot;source&quot;:&quot;&lt;a href=\&quot;http:\/\/twitter.com\&quot; rel=\&quot;nofollow\&quot;&gt;Twitter Web Client&lt;\/a&gt;&quot;,&quot;favorited&quot;:false,&quot;in_reply_to_user_id&quot;:null,&quot;retweet_count&quot;:9,&quot;id_str&quot;:&quot;729556653755011072&quot;,&quot;user&quot;:{&quot;location&quot;:&quot;UK&quot;,&quot;default_profile&quot;:true,&quot;profile_background_tile&quot;:false,&quot;statuses_count&quot;:5389,&quot;lang&quot;:&quot;en&quot;,&quot;profile_link_color&quot;:&quot;0084B4&quot;,&quot;profile_banner_url&quot;:&quot;https:\/\/pbs.twimg.com\/profile_banners\/259446338\/1462107768&quot;,&quot;id&quot;:259446338,&quot;following&quot;:null,&quot;protected&quot;:false,&quot;favourites_count&quot;:1373,&quot;profile_text_color&quot;:&quot;333333&quot;,&quot;description&quot;:&quot;Mother, first and foremost. Standing by Oscar Pistorius and his family.&quot;,&quot;verified&quot;:false,&quot;contributors_enabled&quot;:false,&quot;profile_sidebar_border_color&quot;:&quot;C0DEED&quot;,&quot;name&quot;:&quot;Heather Malcherczyk&quot;,&quot;profile_background_color&quot;:&quot;C0DEED&quot;,&quot;created_at&quot;:&quot;Tue Mar 01 23:01:30 +0000 2011&quot;,&quot;is_translation_enabled&quot;:false,&quot;default_profile_image&quot;:false,&quot;followers_count&quot;:472,&quot;has_extended_profile&quot;:false,&quot;profile_image_url_https&quot;:&quot;https:\/\/pbs.twimg.com\/profile_images\/726759195270385664\/a1yHGVI2_normal.jpg&quot;,&quot;geo_enabled&quot;:false,&quot;profile_background_image_url&quot;:&quot;http:\/\/abs.twimg.com\/images\/themes\/theme1\/bg.png&quot;,&quot;profile_background_image_url_https&quot;:&quot;https:\/\/abs.twimg.com\/images\/themes\/theme1\/bg.png&quot;,&quot;follow_request_sent&quot;:null,&quot;entities&quot;:{&quot;description&quot;:{&quot;urls&quot;:[]}},&quot;url&quot;:null,&quot;utc_offset&quot;:null,&quot;time_zone&quot;:null,&quot;notifications&quot;:null,&quot;profile_use_background_image&quot;:true,&quot;friends_count&quot;:285,&quot;profile_sidebar_fill_color&quot;:&quot;DDEEF6&quot;,&quot;screen_name&quot;:&quot;HeatherMalch&quot;,&quot;id_str&quot;:&quot;259446338&quot;,&quot;profile_image_url&quot;:&quot;http:\/\/pbs.twimg.com\/profile_images\/726759195270385664\/a1yHGVI2_normal.jpg&quot;,&quot;listed_count&quot;:8,&quot;is_translator&quot;:false}},&quot;geo&quot;:null,&quot;entities&quot;:{&quot;symbols&quot;:[],&quot;urls&quot;:[{&quot;expanded_url&quot;:&quot;https:\/\/www.the-newshub.com\/international\/the-oscar-pistorius-case&quot;,&quot;indices&quot;:[73,96],&quot;display_url&quot;:&quot;the-newshub.com\/international\/\u2026&quot;,&quot;url&quot;:&quot;https:\/\/t.co\/DYpZJMExSQ&quot;}],&quot;hashtags&quot;:[{&quot;text&quot;:&quot;OscarPistorius&quot;,&quot;indices&quot;:[113,128]}],&quot;user_mentions&quot;:[{&quot;id&quot;:259446338,&quot;name&quot;:&quot;Heather Malcherczyk&quot;,&quot;indices&quot;:[3,16],&quot;screen_name&quot;:&quot;HeatherMalch&quot;,&quot;id_str&quot;:&quot;259446338&quot;},{&quot;id&quot;:1883424968,&quot;name&quot;:&quot;The News Hub&quot;,&quot;indices&quot;:[101,112],&quot;screen_name&quot;:&quot;TheNewsHub&quot;,&quot;id_str&quot;:&quot;1883424968&quot;}]},&quot;is_quote_status&quot;:false,&quot;source&quot;:&quot;&lt;a href=\&quot;http:\/\/twitter.com\/download\/iphone\&quot; rel=\&quot;nofollow\&quot;&gt;Twitter for iPhone&lt;\/a&gt;&quot;,&quot;favorited&quot;:false,&quot;in_reply_to_user_id&quot;:null,&quot;retweet_count&quot;:9,&quot;id_str&quot;:&quot;731772952883122176&quot;,&quot;user&quot;:{&quot;location&quot;:&quot;kenya &quot;,&quot;default_profile&quot;:true,&quot;profile_background_tile&quot;:false,&quot;statuses_count&quot;:2264,&quot;lang&quot;:&quot;en&quot;,&quot;profile_link_color&quot;:&quot;0084B4&quot;,&quot;profile_banner_url&quot;:&quot;https:\/\/pbs.twimg.com\/profile_banners\/4396389226\/1452615556&quot;,&quot;id&quot;:4396389226,&quot;following&quot;:null,&quot;protected&quot;:false,&quot;favourites_count&quot;:1069,&quot;profile_text_color&quot;:&quot;333333&quot;,&quot;description&quot;:&quot;Standing firmly with Oscar and his family. Love kindness &amp; fairness. Standing against injustice, corruption and hate. Truth will find the light.&quot;,&quot;verified&quot;:false,&quot;contributors_enabled&quot;:false,&quot;profile_sidebar_border_color&quot;:&quot;C0DEED&quot;,&quot;name&quot;:&quot;Tuli4Oscar&quot;,&quot;profile_background_color&quot;:&quot;C0DEED&quot;,&quot;created_at&quot;:&quot;Sun Dec 06 17:56:29 +0000 2015&quot;,&quot;is_translation_enabled&quot;:false,&quot;default_profile_image&quot;:false,&quot;followers_count&quot;:136,&quot;has_extended_profile&quot;:true,&quot;profile_image_url_https&quot;:&quot;https:\/\/pbs.twimg.com\/profile_images\/731408433245782016\/ooRe4IzV_normal.jpg&quot;,&quot;geo_enabled&quot;:false,&quot;profile_background_image_url&quot;:&quot;http:\/\/abs.twimg.com\/images\/themes\/theme1\/bg.png&quot;,&quot;profile_background_image_url_https&quot;:&quot;https:\/\/abs.twimg.com\/images\/themes\/theme1\/bg.png&quot;,&quot;follow_request_sent&quot;:null,&quot;entities&quot;:{&quot;description&quot;:{&quot;urls&quot;:[]}},&quot;url&quot;:null,&quot;utc_offset&quot;:null,&quot;time_zone&quot;:null,&quot;notifications&quot;:null,&quot;profile_use_background_image&quot;:true,&quot;friends_count&quot;:193,&quot;profile_sidebar_fill_color&quot;:&quot;DDEEF6&quot;,&quot;screen_name&quot;:&quot;norbatuli&quot;,&quot;id_str&quot;:&quot;4396389226&quot;,&quot;profile_image_url&quot;:&quot;http:\/\/pbs.twimg.com\/profile_images\/731408433245782016\/ooRe4IzV_normal.jpg&quot;,&quot;listed_count&quot;:5,&quot;is_translator&quot;:false}},{&quot;retweeted&quot;:false,&quot;in_reply_to_screen_name&quot;:null,&quot;possibly_sensitive&quot;:false,&quot;truncated&quot;:false,&quot;lang&quot;:&quot;en&quot;,&quot;in_reply_to_status_id_str&quot;:null,&quot;id&quot;:731772320335970304,&quot;in_reply_to_user_id_str&quot;:null,&quot;in_reply_to_status_id&quot;:null,&quot;created_at&quot;:&quot;Sun May 15 09:04:51 +0000 2016&quot;,&quot;favorite_count&quot;:0,&quot;place&quot;:null,&quot;coordinates&quot;:null,&quot;metadata&quot;:{&quot;result_type&quot;:&quot;recent&quot;,&quot;iso_language_code&quot;:&quot;en&quot;},&quot;text&quot;:&quot;#OscarPistorius \nProof if it were needed that &apos;care in the community&apos; just isn&apos;t working for #MarkWilliamsThomas https:\/\/t.co\/DZXw70sgvK&quot;,&quot;contributors&quot;:null,&quot;geo&quot;:null,&quot;entities&quot;:{&quot;symbols&quot;:[],&quot;urls&quot;:[],&quot;hashtags&quot;:[{&quot;text&quot;:&quot;OscarPistorius&quot;,&quot;indices&quot;:[0,15]},{&quot;text&quot;:&quot;MarkWilliamsThomas&quot;,&quot;indices&quot;:[93,112]}],&quot;media&quot;:[{&quot;sizes&quot;:{&quot;small&quot;:{&quot;w&quot;:340,&quot;resize&quot;:&quot;fit&quot;,&quot;h&quot;:132},&quot;thumb&quot;:{&quot;w&quot;:150,&quot;resize&quot;:&quot;crop&quot;,&quot;h&quot;:150},&quot;large&quot;:{&quot;w&quot;:1024,&quot;resize&quot;:&quot;fit&quot;,&quot;h&quot;:397},&quot;medium&quot;:{&quot;w&quot;:600,&quot;resize&quot;:&quot;fit&quot;,&quot;h&quot;:233}},&quot;id&quot;:731772309657272320,&quot;media_url_https&quot;:&quot;https:\/\/pbs.twimg.com\/media\/CifHCd2WwAAKJ86.jpg&quot;,&quot;media_url&quot;:&quot;http:\/\/pbs.twimg.com\/media\/CifHCd2WwAAKJ86.jpg&quot;,&quot;expanded_url&quot;:&quot;http:\/\/twitter.com\/TheShawrus\/status\/731772320335970304\/photo\/1&quot;,&quot;indices&quot;:[113,136],&quot;id_str&quot;:&quot;731772309657272320&quot;,&quot;type&quot;:&quot;photo&quot;,&quot;display_url&quot;:&quot;pic.twitter.com\/DZXw70sgvK&quot;,&quot;url&quot;:&quot;https:\/\/t.co\/DZXw70sgvK&quot;}],&quot;user_mentions&quot;:[]},&quot;is_quote_status&quot;:false,&quot;source&quot;:&quot;&lt;a href=\&quot;http:\/\/twitter.com\/#!\/download\/ipad\&quot; rel=\&quot;nofollow\&quot;&gt;Twitter for iPad&lt;\/a&gt;&quot;,&quot;favorited&quot;:false,&quot;in_reply_to_user_id&quot;:null,&quot;retweet_count&quot;:0,&quot;id_str&quot;:&quot;731772320335970304&quot;,&quot;user&quot;:{&quot;location&quot;:&quot;&quot;,&quot;default_profile&quot;:true,&quot;profile_background_tile&quot;:false,&quot;statuses_count&quot;:523,&quot;lang&quot;:&quot;en&quot;,&quot;profile_link_color&quot;:&quot;0084B4&quot;,&quot;profile_banner_url&quot;:&quot;https:\/\/pbs.twimg.com\/profile_banners\/2855436995\/1437393283&quot;,&quot;id&quot;:2855436995,&quot;following&quot;:null,&quot;protected&quot;:false,&quot;favourites_count&quot;:332,&quot;profile_text_color&quot;:&quot;333333&quot;,&quot;description&quot;:&quot;&quot;,&quot;verified&quot;:false,&quot;contributors_enabled&quot;:false,&quot;profile_sidebar_border_color&quot;:&quot;C0DEED&quot;,&quot;name&quot;:&quot;Shavian&quot;,&quot;profile_background_color&quot;:&quot;C0DEED&quot;,&quot;created_at&quot;:&quot;Sat Nov 01 19:16:30 +0000 2014&quot;,&quot;is_translation_enabled&quot;:false,&quot;default_profile_image&quot;:false,&quot;followers_count&quot;:114,&quot;has_extended_profile&quot;:false,&quot;profile_image_url_https&quot;:&quot;https:\/\/pbs.twimg.com\/profile_images\/727956215645515777\/Xf71V9Nm_normal.jpg&quot;,&quot;geo_enabled&quot;:false,&quot;profile_background_image_url&quot;:&quot;http:\/\/abs.twimg.com\/images\/themes\/theme1\/bg.png&quot;,&quot;profile_background_image_url_https&quot;:&quot;https:\/\/abs.twimg.com\/images\/themes\/theme1\/bg.png&quot;,&quot;follow_request_sent&quot;:null,&quot;entities&quot;:{&quot;description&quot;:{&quot;urls&quot;:[]}},&quot;url&quot;:null,&quot;utc_offset&quot;:null,&quot;time_zone&quot;:null,&quot;notifications&quot;:null,&quot;profile_use_background_image&quot;:true,&quot;friends_count&quot;:174,&quot;profile_sidebar_fill_color&quot;:&quot;DDEEF6&quot;,&quot;screen_name&quot;:&quot;TheShawrus&quot;,&quot;id_str&quot;:&quot;2855436995&quot;,&quot;profile_image_url&quot;:&quot;http:\/\/pbs.twimg.com\/profile_images\/727956215645515777\/Xf71V9Nm_normal.jpg&quot;,&quot;listed_count&quot;:2,&quot;is_translator&quot;:false}},{&quot;contributors&quot;:null,&quot;text&quot;:&quot;@ZaahiraYelena @ewnreporter .. #OscarPistorius will be happy if Gerrie Nel is arrested...&quot;,&quot;geo&quot;:null,&quot;retweeted&quot;:false,&quot;in_reply_to_screen_name&quot;:&quot;ZaahiraYelena&quot;,&quot;truncated&quot;:false,&quot;lang&quot;:&quot;en&quot;,&quot;entities&quot;:{&quot;symbols&quot;:[],&quot;urls&quot;:[],&quot;hashtags&quot;:[{&quot;text&quot;:&quot;OscarPistorius&quot;,&quot;indices&quot;:[31,46]}],&quot;user_mentions&quot;:[{&quot;id&quot;:52355434,&quot;name&quot;:&quot;Snap: Zaahira_Yelena&quot;,&quot;indices&quot;:[0,14],&quot;screen_name&quot;:&quot;ZaahiraYelena&quot;,&quot;id_str&quot;:&quot;52355434&quot;},{&quot;id&quot;:191795989,&quot;name&quot;:&quot;EWN Reporter&quot;,&quot;indices&quot;:[15,27],&quot;screen_name&quot;:&quot;ewnreporter&quot;,&quot;id_str&quot;:&quot;191795989&quot;}]},&quot;in_reply_to_status_id_str&quot;:&quot;731751352586649600&quot;,&quot;is_quote_status&quot;:false,&quot;id&quot;:731761809611497473,&quot;source&quot;:&quot;&lt;a href=\&quot;http:\/\/twitter.com\/download\/iphone\&quot; rel=\&quot;nofollow\&quot;&gt;Twitter for iPhone&lt;\/a&gt;&quot;,&quot;in_reply_to_user_id_str&quot;:&quot;52355434&quot;,&quot;favorited&quot;:false,&quot;in_reply_to_status_id&quot;:731751352586649600,&quot;retweet_count&quot;:0,&quot;created_at&quot;:&quot;Sun May 15 08:23:05 +0000 2016&quot;,&quot;in_reply_to_user_id&quot;:52355434,&quot;favorite_count&quot;:0,&quot;id_str&quot;:&quot;731761809611497473&quot;,&quot;place&quot;:null,&quot;user&quot;:{&quot;location&quot;:&quot;Johannesburg&quot;,&quot;default_profile&quot;:true,&quot;profile_background_tile&quot;:false,&quot;statuses_count&quot;:14648,&quot;lang&quot;:&quot;en&quot;,&quot;profile_link_color&quot;:&quot;0084B4&quot;,&quot;profile_banner_url&quot;:&quot;https:\/\/pbs.twimg.com\/profile_banners\/174737539\/1410466635&quot;,&quot;id&quot;:174737539,&quot;following&quot;:null,&quot;protected&quot;:false,&quot;favourites_count&quot;:5,&quot;profile_text_color&quot;:&quot;333333&quot;,&quot;description&quot;:&quot;Visionary , father , rebel , mis-understood , husband , anti-hero , golfer , greedy .....&quot;,&quot;verified&quot;:false,&quot;contributors_enabled&quot;:false,&quot;profile_sidebar_border_color&quot;:&quot;C0DEED&quot;,&quot;name&quot;:&quot;Simon&quot;,&quot;profile_background_color&quot;:&quot;C0DEED&quot;,&quot;created_at&quot;:&quot;Wed Aug 04 18:05:09 +0000 2010&quot;,&quot;is_translation_enabled&quot;:false,&quot;default_profile_image&quot;:false,&quot;followers_count&quot;:989,&quot;has_extended_profile&quot;:false,&quot;profile_image_url_https&quot;:&quot;https:\/\/pbs.twimg.com\/profile_images\/565541380307828736\/kiwMGkRW_normal.jpeg&quot;,&quot;geo_enabled&quot;:false,&quot;profile_background_image_url&quot;:&quot;http:\/\/abs.twimg.com\/images\/themes\/theme1\/bg.png&quot;,&quot;profile_background_image_url_https&quot;:&quot;https:\/\/abs.twimg.com\/images\/themes\/theme1\/bg.png&quot;,&quot;follow_request_sent&quot;:null,&quot;entities&quot;:{&quot;description&quot;:{&quot;urls&quot;:[]}},&quot;url&quot;:null,&quot;utc_offset&quot;:7200,&quot;time_zone&quot;:&quot;Pretoria&quot;,&quot;notifications&quot;:null,&quot;profile_use_background_image&quot;:true,&quot;friends_count&quot;:1375,&quot;profile_sidebar_fill_color&quot;:&quot;DDEEF6&quot;,&quot;screen_name&quot;:&quot;prozac_pusher&quot;,&quot;id_str&quot;:&quot;174737539&quot;,&quot;profile_image_url&quot;:&quot;http:\/\/pbs.twimg.com\/profile_images\/565541380307828736\/kiwMGkRW_normal.jpeg&quot;,&quot;listed_count&quot;:20,&quot;is_translator&quot;:false},&quot;coordinates&quot;:null,&quot;metadata&quot;:{&quot;result_type&quot;:&quot;recent&quot;,&quot;iso_language_code&quot;:&quot;en&quot;}}]

 ******** return the first 5 statuses ********
</system-out>
    <system-err>May 15, 2016 12:36:58 PM za.ac.wits.cpd.service.bigdatavisual.FileHelper write
OFF: /home/mkhwinana/Dev/eduworkspace/TwitterAuthService/tweets/tweet-1463308618793.json written....
May 15, 2016 12:36:58 PM za.ac.wits.cpd.service.bigdatavisual.TweetMapper toGregorianCalendar
OFF: Calendar date UTC : Sun May 15 10:35:23 UTC 2016
May 15, 2016 12:36:58 PM za.ac.wits.cpd.service.bigdatavisual.TweetMapper toGregorianCalendar
OFF: JSON provided date: Sun May 15 10:35:23 +0000 2016
May 15, 2016 12:36:58 PM za.ac.wits.cpd.service.bigdatavisual.TweetsDataExtractor fetchTweets
SEVERE: **** Number of tweets before determining the location: 5
May 15, 2016 12:36:58 PM za.ac.wits.cpd.service.bigdatavisual.FileHelper write
OFF: /home/mkhwinana/Dev/eduworkspace/TwitterAuthService/tweets/tweet-1463308618798.json written....
May 15, 2016 12:36:58 PM za.ac.wits.cpd.service.bigdatavisual.TweetMapper toGregorianCalendar
OFF: Calendar date UTC : Sun May 15 10:34:44 UTC 2016
May 15, 2016 12:36:58 PM za.ac.wits.cpd.service.bigdatavisual.TweetMapper toGregorianCalendar
OFF: JSON provided date: Sun May 15 10:34:44 +0000 2016
May 15, 2016 12:36:58 PM za.ac.wits.cpd.service.bigdatavisual.TweetsDataExtractor fetchTweets
SEVERE: **** Number of tweets before determining the location: 5
May 15, 2016 12:36:58 PM za.ac.wits.cpd.service.bigdatavisual.FileHelper write
OFF: /home/mkhwinana/Dev/eduworkspace/TwitterAuthService/tweets/tweet-1463308618802.json written....
May 15, 2016 12:36:58 PM za.ac.wits.cpd.service.bigdatavisual.TweetMapper toGregorianCalendar
OFF: Calendar date UTC : Sun May 15 09:07:22 UTC 2016
May 15, 2016 12:36:58 PM za.ac.wits.cpd.service.bigdatavisual.TweetMapper toGregorianCalendar
OFF: JSON provided date: Sun May 15 09:07:22 +0000 2016
May 15, 2016 12:36:58 PM com.google.maps.GeoApiContext getWithPath
INFO: Request: https://maps.googleapis.com/maps/api/geocode/json?key=AIzaSyA3kPdcv9LNfthpEUHFkvh0vGvl8XpSdww&amp;address=kenya+
May 15, 2016 12:36:59 PM za.ac.wits.cpd.service.bigdatavisual.TweetsDataExtractor fetchTweets
SEVERE: **** Number of tweets before determining the location: 5
May 15, 2016 12:36:59 PM za.ac.wits.cpd.service.bigdatavisual.FileHelper write
OFF: /home/mkhwinana/Dev/eduworkspace/TwitterAuthService/tweets/tweet-1463308619503.json written....
May 15, 2016 12:36:59 PM za.ac.wits.cpd.service.bigdatavisual.TweetMapper toGregorianCalendar
OFF: Calendar date UTC : Sun May 15 09:04:51 UTC 2016
May 15, 2016 12:36:59 PM za.ac.wits.cpd.service.bigdatavisual.TweetMapper toGregorianCalendar
OFF: JSON provided date: Sun May 15 09:04:51 +0000 2016
May 15, 2016 12:36:59 PM za.ac.wits.cpd.service.bigdatavisual.TweetsDataExtractor fetchTweets
SEVERE: **** Number of tweets before determining the location: 5
May 15, 2016 12:36:59 PM za.ac.wits.cpd.service.bigdatavisual.FileHelper write
OFF: /home/mkhwinana/Dev/eduworkspace/TwitterAuthService/tweets/tweet-1463308619506.json written....
May 15, 2016 12:36:59 PM za.ac.wits.cpd.service.bigdatavisual.TweetMapper toGregorianCalendar
OFF: Calendar date UTC : Sun May 15 08:23:05 UTC 2016
May 15, 2016 12:36:59 PM za.ac.wits.cpd.service.bigdatavisual.TweetMapper toGregorianCalendar
OFF: JSON provided date: Sun May 15 08:23:05 +0000 2016
May 15, 2016 12:36:59 PM com.google.maps.GeoApiContext getWithPath
INFO: Request: https://maps.googleapis.com/maps/api/geocode/json?key=AIzaSyA3kPdcv9LNfthpEUHFkvh0vGvl8XpSdww&amp;address=Johannesburg
May 15, 2016 12:36:59 PM za.ac.wits.cpd.service.bigdatavisual.TweetsDataExtractor fetchTweets
SEVERE: **** Number of tweets before determining the location: 5
May 15, 2016 12:36:59 PM za.ac.wits.cpd.service.bigdatavisual.TweetsDataExtractor fetchTweets
SEVERE: +++++ Number of tweets after determining the location: 2
</system-err>
  </testcase>
  <testcase time="2.09" classname="za.ac.wits.cpd.elen7046.group2.DataExtractorTest" name="testExtractDataWithOptions">
    <failure type="java.lang.AssertionError">java.lang.AssertionError
	at org.junit.Assert.fail(Assert.java:86)
	at org.junit.Assert.assertTrue(Assert.java:41)
	at org.junit.Assert.assertTrue(Assert.java:52)
	at za.ac.wits.cpd.elen7046.group2.DataExtractorTest.testExtractDataWithOptions(DataExtractorTest.java:91)
	at sun.reflect.NativeMethodAccessorImpl.invoke0(Native Method)
	at sun.reflect.NativeMethodAccessorImpl.invoke(NativeMethodAccessorImpl.java:57)
	at sun.reflect.DelegatingMethodAccessorImpl.invoke(DelegatingMethodAccessorImpl.java:43)
	at java.lang.reflect.Method.invoke(Method.java:606)
	at org.junit.runners.model.FrameworkMethod$1.runReflectiveCall(FrameworkMethod.java:50)
	at org.junit.internal.runners.model.ReflectiveCallable.run(ReflectiveCallable.java:12)
	at org.junit.runners.model.FrameworkMethod.invokeExplosively(FrameworkMethod.java:47)
	at org.junit.internal.runners.statements.InvokeMethod.evaluate(InvokeMethod.java:17)
	at org.junit.internal.runners.statements.RunBefores.evaluate(RunBefores.java:26)
	at org.junit.runners.ParentRunner.runLeaf(ParentRunner.java:325)
	at org.junit.runners.BlockJUnit4ClassRunner.runChild(BlockJUnit4ClassRunner.java:78)
	at org.junit.runners.BlockJUnit4ClassRunner.runChild(BlockJUnit4ClassRunner.java:57)
	at org.junit.runners.ParentRunner$3.run(ParentRunner.java:290)
	at org.junit.runners.ParentRunner$1.schedule(ParentRunner.java:71)
	at org.junit.runners.ParentRunner.runChildren(ParentRunner.java:288)
	at org.junit.runners.ParentRunner.access$000(ParentRunner.java:58)
	at org.junit.runners.ParentRunner$2.evaluate(ParentRunner.java:268)
	at org.junit.runners.ParentRunner.run(ParentRunner.java:363)
	at org.apache.maven.surefire.junit4.JUnit4Provider.execute(JUnit4Provider.java:252)
	at org.apache.maven.surefire.junit4.JUnit4Provider.executeTestSet(JUnit4Provider.java:141)
	at org.apache.maven.surefire.junit4.JUnit4Provider.invoke(JUnit4Provider.java:112)
	at sun.reflect.NativeMethodAccessorImpl.invoke0(Native Method)
	at sun.reflect.NativeMethodAccessorImpl.invoke(NativeMethodAccessorImpl.java:57)
	at sun.reflect.DelegatingMethodAccessorImpl.invoke(DelegatingMethodAccessorImpl.java:43)
	at java.lang.reflect.Method.invoke(Method.java:606)
	at org.apache.maven.surefire.util.ReflectionUtils.invokeMethodWithArray(ReflectionUtils.java:189)
	at org.apache.maven.surefire.booter.ProviderFactory$ProviderProxy.invoke(ProviderFactory.java:165)
	at org.apache.maven.surefire.booter.ProviderFactory.invokeProvider(ProviderFactory.java:85)
	at org.apache.maven.surefire.booter.ForkedBooter.runSuitesInProcess(ForkedBooter.java:115)
	at org.apache.maven.surefire.booter.ForkedBooter.main(ForkedBooter.java:75)
</failure>
    <system-out>url: https://api.twitter.com/1.1/search/tweets.json?q=%23OscarPistorius&amp;count=5%20since%3A2014-02-14%20until%3A2014-09-11&amp;cursor=0
First 5 statuses returned!!!
: [{&quot;retweeted&quot;:false,&quot;in_reply_to_screen_name&quot;:null,&quot;possibly_sensitive&quot;:false,&quot;truncated&quot;:false,&quot;lang&quot;:&quot;und&quot;,&quot;in_reply_to_status_id_str&quot;:null,&quot;id&quot;:731795103895961605,&quot;in_reply_to_user_id_str&quot;:null,&quot;in_reply_to_status_id&quot;:null,&quot;created_at&quot;:&quot;Sun May 15 10:35:23 +0000 2016&quot;,&quot;favorite_count&quot;:0,&quot;place&quot;:null,&quot;coordinates&quot;:null,&quot;metadata&quot;:{&quot;result_type&quot;:&quot;recent&quot;,&quot;iso_language_code&quot;:&quot;und&quot;},&quot;text&quot;:&quot;#oscarpistorius #compassion https:\/\/t.co\/aFaTVGM9Gh&quot;,&quot;contributors&quot;:null,&quot;geo&quot;:null,&quot;entities&quot;:{&quot;symbols&quot;:[],&quot;urls&quot;:[],&quot;hashtags&quot;:[{&quot;text&quot;:&quot;oscarpistorius&quot;,&quot;indices&quot;:[0,15]},{&quot;text&quot;:&quot;compassion&quot;,&quot;indices&quot;:[16,27]}],&quot;media&quot;:[{&quot;sizes&quot;:{&quot;thumb&quot;:{&quot;w&quot;:150,&quot;resize&quot;:&quot;crop&quot;,&quot;h&quot;:150},&quot;small&quot;:{&quot;w&quot;:340,&quot;resize&quot;:&quot;fit&quot;,&quot;h&quot;:510},&quot;medium&quot;:{&quot;w&quot;:600,&quot;resize&quot;:&quot;fit&quot;,&quot;h&quot;:900},&quot;large&quot;:{&quot;w&quot;:640,&quot;resize&quot;:&quot;fit&quot;,&quot;h&quot;:960}},&quot;id&quot;:731795058689736704,&quot;media_url_https&quot;:&quot;https:\/\/pbs.twimg.com\/media\/CifbuomWgAAtE4T.jpg&quot;,&quot;media_url&quot;:&quot;http:\/\/pbs.twimg.com\/media\/CifbuomWgAAtE4T.jpg&quot;,&quot;expanded_url&quot;:&quot;http:\/\/twitter.com\/candc_x199\/status\/731795103895961605\/photo\/1&quot;,&quot;indices&quot;:[28,51],&quot;id_str&quot;:&quot;731795058689736704&quot;,&quot;type&quot;:&quot;photo&quot;,&quot;display_url&quot;:&quot;pic.twitter.com\/aFaTVGM9Gh&quot;,&quot;url&quot;:&quot;https:\/\/t.co\/aFaTVGM9Gh&quot;}],&quot;user_mentions&quot;:[]},&quot;is_quote_status&quot;:false,&quot;source&quot;:&quot;&lt;a href=\&quot;http:\/\/twitter.com\/download\/iphone\&quot; rel=\&quot;nofollow\&quot;&gt;Twitter for iPhone&lt;\/a&gt;&quot;,&quot;favorited&quot;:false,&quot;in_reply_to_user_id&quot;:null,&quot;retweet_count&quot;:0,&quot;id_str&quot;:&quot;731795103895961605&quot;,&quot;user&quot;:{&quot;location&quot;:&quot;&quot;,&quot;default_profile&quot;:true,&quot;profile_background_tile&quot;:false,&quot;statuses_count&quot;:779,&quot;lang&quot;:&quot;en-GB&quot;,&quot;profile_link_color&quot;:&quot;0084B4&quot;,&quot;profile_banner_url&quot;:&quot;https:\/\/pbs.twimg.com\/profile_banners\/3888529515\/1461313548&quot;,&quot;id&quot;:3888529515,&quot;following&quot;:null,&quot;protected&quot;:false,&quot;favourites_count&quot;:216,&quot;profile_text_color&quot;:&quot;333333&quot;,&quot;description&quot;:&quot;&quot;,&quot;verified&quot;:false,&quot;contributors_enabled&quot;:false,&quot;profile_sidebar_border_color&quot;:&quot;C0DEED&quot;,&quot;name&quot;:&quot;X199 C&amp;C&quot;,&quot;profile_background_color&quot;:&quot;C0DEED&quot;,&quot;created_at&quot;:&quot;Wed Oct 07 09:00:20 +0000 2015&quot;,&quot;is_translation_enabled&quot;:false,&quot;default_profile_image&quot;:false,&quot;followers_count&quot;:124,&quot;has_extended_profile&quot;:false,&quot;profile_image_url_https&quot;:&quot;https:\/\/pbs.twimg.com\/profile_images\/651684259976081412\/7YL-KY3u_normal.jpg&quot;,&quot;geo_enabled&quot;:true,&quot;profile_background_image_url&quot;:&quot;http:\/\/abs.twimg.com\/images\/themes\/theme1\/bg.png&quot;,&quot;profile_background_image_url_https&quot;:&quot;https:\/\/abs.twimg.com\/images\/themes\/theme1\/bg.png&quot;,&quot;follow_request_sent&quot;:null,&quot;entities&quot;:{&quot;description&quot;:{&quot;urls&quot;:[]}},&quot;url&quot;:null,&quot;utc_offset&quot;:null,&quot;time_zone&quot;:null,&quot;notifications&quot;:null,&quot;profile_use_background_image&quot;:true,&quot;friends_count&quot;:90,&quot;profile_sidebar_fill_color&quot;:&quot;DDEEF6&quot;,&quot;screen_name&quot;:&quot;candc_x199&quot;,&quot;id_str&quot;:&quot;3888529515&quot;,&quot;profile_image_url&quot;:&quot;http:\/\/pbs.twimg.com\/profile_images\/651684259976081412\/7YL-KY3u_normal.jpg&quot;,&quot;listed_count&quot;:0,&quot;is_translator&quot;:false}},{&quot;retweeted&quot;:false,&quot;in_reply_to_screen_name&quot;:null,&quot;possibly_sensitive&quot;:false,&quot;truncated&quot;:false,&quot;lang&quot;:&quot;und&quot;,&quot;in_reply_to_status_id_str&quot;:null,&quot;id&quot;:731794939173076992,&quot;in_reply_to_user_id_str&quot;:null,&quot;in_reply_to_status_id&quot;:null,&quot;created_at&quot;:&quot;Sun May 15 10:34:44 +0000 2016&quot;,&quot;favorite_count&quot;:0,&quot;place&quot;:null,&quot;coordinates&quot;:null,&quot;metadata&quot;:{&quot;result_type&quot;:&quot;recent&quot;,&quot;iso_language_code&quot;:&quot;und&quot;},&quot;text&quot;:&quot;#oscarpistorius https:\/\/t.co\/Ms3uyUt5G8&quot;,&quot;contributors&quot;:null,&quot;geo&quot;:null,&quot;entities&quot;:{&quot;symbols&quot;:[],&quot;urls&quot;:[],&quot;hashtags&quot;:[{&quot;text&quot;:&quot;oscarpistorius&quot;,&quot;indices&quot;:[0,15]}],&quot;media&quot;:[{&quot;sizes&quot;:{&quot;small&quot;:{&quot;w&quot;:340,&quot;resize&quot;:&quot;fit&quot;,&quot;h&quot;:285},&quot;thumb&quot;:{&quot;w&quot;:150,&quot;resize&quot;:&quot;crop&quot;,&quot;h&quot;:150},&quot;large&quot;:{&quot;w&quot;:620,&quot;resize&quot;:&quot;fit&quot;,&quot;h&quot;:520},&quot;medium&quot;:{&quot;w&quot;:600,&quot;resize&quot;:&quot;fit&quot;,&quot;h&quot;:503}},&quot;id&quot;:731794903555014656,&quot;media_url_https&quot;:&quot;https:\/\/pbs.twimg.com\/media\/CifblmrWgAArM5M.jpg&quot;,&quot;media_url&quot;:&quot;http:\/\/pbs.twimg.com\/media\/CifblmrWgAArM5M.jpg&quot;,&quot;expanded_url&quot;:&quot;http:\/\/twitter.com\/candc_x199\/status\/731794939173076992\/photo\/1&quot;,&quot;indices&quot;:[16,39],&quot;id_str&quot;:&quot;731794903555014656&quot;,&quot;type&quot;:&quot;photo&quot;,&quot;display_url&quot;:&quot;pic.twitter.com\/Ms3uyUt5G8&quot;,&quot;url&quot;:&quot;https:\/\/t.co\/Ms3uyUt5G8&quot;}],&quot;user_mentions&quot;:[]},&quot;is_quote_status&quot;:false,&quot;source&quot;:&quot;&lt;a href=\&quot;http:\/\/twitter.com\/download\/iphone\&quot; rel=\&quot;nofollow\&quot;&gt;Twitter for iPhone&lt;\/a&gt;&quot;,&quot;favorited&quot;:false,&quot;in_reply_to_user_id&quot;:null,&quot;retweet_count&quot;:0,&quot;id_str&quot;:&quot;731794939173076992&quot;,&quot;user&quot;:{&quot;location&quot;:&quot;&quot;,&quot;default_profile&quot;:true,&quot;profile_background_tile&quot;:false,&quot;statuses_count&quot;:779,&quot;lang&quot;:&quot;en-GB&quot;,&quot;profile_link_color&quot;:&quot;0084B4&quot;,&quot;profile_banner_url&quot;:&quot;https:\/\/pbs.twimg.com\/profile_banners\/3888529515\/1461313548&quot;,&quot;id&quot;:3888529515,&quot;following&quot;:null,&quot;protected&quot;:false,&quot;favourites_count&quot;:216,&quot;profile_text_color&quot;:&quot;333333&quot;,&quot;description&quot;:&quot;&quot;,&quot;verified&quot;:false,&quot;contributors_enabled&quot;:false,&quot;profile_sidebar_border_color&quot;:&quot;C0DEED&quot;,&quot;name&quot;:&quot;X199 C&amp;C&quot;,&quot;profile_background_color&quot;:&quot;C0DEED&quot;,&quot;created_at&quot;:&quot;Wed Oct 07 09:00:20 +0000 2015&quot;,&quot;is_translation_enabled&quot;:false,&quot;default_profile_image&quot;:false,&quot;followers_count&quot;:124,&quot;has_extended_profile&quot;:false,&quot;profile_image_url_https&quot;:&quot;https:\/\/pbs.twimg.com\/profile_images\/651684259976081412\/7YL-KY3u_normal.jpg&quot;,&quot;geo_enabled&quot;:true,&quot;profile_background_image_url&quot;:&quot;http:\/\/abs.twimg.com\/images\/themes\/theme1\/bg.png&quot;,&quot;profile_background_image_url_https&quot;:&quot;https:\/\/abs.twimg.com\/images\/themes\/theme1\/bg.png&quot;,&quot;follow_request_sent&quot;:null,&quot;entities&quot;:{&quot;description&quot;:{&quot;urls&quot;:[]}},&quot;url&quot;:null,&quot;utc_offset&quot;:null,&quot;time_zone&quot;:null,&quot;notifications&quot;:null,&quot;profile_use_background_image&quot;:true,&quot;friends_count&quot;:90,&quot;profile_sidebar_fill_color&quot;:&quot;DDEEF6&quot;,&quot;screen_name&quot;:&quot;candc_x199&quot;,&quot;id_str&quot;:&quot;3888529515&quot;,&quot;profile_image_url&quot;:&quot;http:\/\/pbs.twimg.com\/profile_images\/651684259976081412\/7YL-KY3u_normal.jpg&quot;,&quot;listed_count&quot;:0,&quot;is_translator&quot;:false}},{&quot;retweeted&quot;:false,&quot;in_reply_to_screen_name&quot;:null,&quot;possibly_sensitive&quot;:false,&quot;truncated&quot;:false,&quot;lang&quot;:&quot;en&quot;,&quot;in_reply_to_status_id_str&quot;:null,&quot;id&quot;:731772952883122176,&quot;in_reply_to_user_id_str&quot;:null,&quot;in_reply_to_status_id&quot;:null,&quot;created_at&quot;:&quot;Sun May 15 09:07:22 +0000 2016&quot;,&quot;favorite_count&quot;:0,&quot;place&quot;:null,&quot;coordinates&quot;:null,&quot;metadata&quot;:{&quot;result_type&quot;:&quot;recent&quot;,&quot;iso_language_code&quot;:&quot;en&quot;},&quot;text&quot;:&quot;RT @HeatherMalch: The Oscar Pistorius Case - NOT a women&apos;s rights issue. https:\/\/t.co\/DYpZJMExSQ via @TheNewsHub #OscarPistorius&quot;,&quot;contributors&quot;:null,&quot;retweeted_status&quot;:{&quot;retweeted&quot;:false,&quot;in_reply_to_screen_name&quot;:null,&quot;possibly_sensitive&quot;:false,&quot;truncated&quot;:false,&quot;lang&quot;:&quot;en&quot;,&quot;in_reply_to_status_id_str&quot;:null,&quot;id&quot;:729556653755011072,&quot;in_reply_to_user_id_str&quot;:null,&quot;in_reply_to_status_id&quot;:null,&quot;created_at&quot;:&quot;Mon May 09 06:20:35 +0000 2016&quot;,&quot;favorite_count&quot;:16,&quot;place&quot;:null,&quot;coordinates&quot;:null,&quot;metadata&quot;:{&quot;result_type&quot;:&quot;recent&quot;,&quot;iso_language_code&quot;:&quot;en&quot;},&quot;text&quot;:&quot;The Oscar Pistorius Case - NOT a women&apos;s rights issue. https:\/\/t.co\/DYpZJMExSQ via @TheNewsHub #OscarPistorius&quot;,&quot;contributors&quot;:null,&quot;geo&quot;:null,&quot;entities&quot;:{&quot;symbols&quot;:[],&quot;urls&quot;:[{&quot;expanded_url&quot;:&quot;https:\/\/www.the-newshub.com\/international\/the-oscar-pistorius-case&quot;,&quot;indices&quot;:[55,78],&quot;display_url&quot;:&quot;the-newshub.com\/international\/\u2026&quot;,&quot;url&quot;:&quot;https:\/\/t.co\/DYpZJMExSQ&quot;}],&quot;hashtags&quot;:[{&quot;text&quot;:&quot;OscarPistorius&quot;,&quot;indices&quot;:[95,110]}],&quot;user_mentions&quot;:[{&quot;id&quot;:1883424968,&quot;name&quot;:&quot;The News Hub&quot;,&quot;indices&quot;:[83,94],&quot;screen_name&quot;:&quot;TheNewsHub&quot;,&quot;id_str&quot;:&quot;1883424968&quot;}]},&quot;is_quote_status&quot;:false,&quot;source&quot;:&quot;&lt;a href=\&quot;http:\/\/twitter.com\&quot; rel=\&quot;nofollow\&quot;&gt;Twitter Web Client&lt;\/a&gt;&quot;,&quot;favorited&quot;:false,&quot;in_reply_to_user_id&quot;:null,&quot;retweet_count&quot;:9,&quot;id_str&quot;:&quot;729556653755011072&quot;,&quot;user&quot;:{&quot;location&quot;:&quot;UK&quot;,&quot;default_profile&quot;:true,&quot;profile_background_tile&quot;:false,&quot;statuses_count&quot;:5389,&quot;lang&quot;:&quot;en&quot;,&quot;profile_link_color&quot;:&quot;0084B4&quot;,&quot;profile_banner_url&quot;:&quot;https:\/\/pbs.twimg.com\/profile_banners\/259446338\/1462107768&quot;,&quot;id&quot;:259446338,&quot;following&quot;:null,&quot;protected&quot;:false,&quot;favourites_count&quot;:1373,&quot;profile_text_color&quot;:&quot;333333&quot;,&quot;description&quot;:&quot;Mother, first and foremost. Standing by Oscar Pistorius and his family.&quot;,&quot;verified&quot;:false,&quot;contributors_enabled&quot;:false,&quot;profile_sidebar_border_color&quot;:&quot;C0DEED&quot;,&quot;name&quot;:&quot;Heather Malcherczyk&quot;,&quot;profile_background_color&quot;:&quot;C0DEED&quot;,&quot;created_at&quot;:&quot;Tue Mar 01 23:01:30 +0000 2011&quot;,&quot;is_translation_enabled&quot;:false,&quot;default_profile_image&quot;:false,&quot;followers_count&quot;:472,&quot;has_extended_profile&quot;:false,&quot;profile_image_url_https&quot;:&quot;https:\/\/pbs.twimg.com\/profile_images\/726759195270385664\/a1yHGVI2_normal.jpg&quot;,&quot;geo_enabled&quot;:false,&quot;profile_background_image_url&quot;:&quot;http:\/\/abs.twimg.com\/images\/themes\/theme1\/bg.png&quot;,&quot;profile_background_image_url_https&quot;:&quot;https:\/\/abs.twimg.com\/images\/themes\/theme1\/bg.png&quot;,&quot;follow_request_sent&quot;:null,&quot;entities&quot;:{&quot;description&quot;:{&quot;urls&quot;:[]}},&quot;url&quot;:null,&quot;utc_offset&quot;:null,&quot;time_zone&quot;:null,&quot;notifications&quot;:null,&quot;profile_use_background_image&quot;:true,&quot;friends_count&quot;:285,&quot;profile_sidebar_fill_color&quot;:&quot;DDEEF6&quot;,&quot;screen_name&quot;:&quot;HeatherMalch&quot;,&quot;id_str&quot;:&quot;259446338&quot;,&quot;profile_image_url&quot;:&quot;http:\/\/pbs.twimg.com\/profile_images\/726759195270385664\/a1yHGVI2_normal.jpg&quot;,&quot;listed_count&quot;:8,&quot;is_translator&quot;:false}},&quot;geo&quot;:null,&quot;entities&quot;:{&quot;symbols&quot;:[],&quot;urls&quot;:[{&quot;expanded_url&quot;:&quot;https:\/\/www.the-newshub.com\/international\/the-oscar-pistorius-case&quot;,&quot;indices&quot;:[73,96],&quot;display_url&quot;:&quot;the-newshub.com\/international\/\u2026&quot;,&quot;url&quot;:&quot;https:\/\/t.co\/DYpZJMExSQ&quot;}],&quot;hashtags&quot;:[{&quot;text&quot;:&quot;OscarPistorius&quot;,&quot;indices&quot;:[113,128]}],&quot;user_mentions&quot;:[{&quot;id&quot;:259446338,&quot;name&quot;:&quot;Heather Malcherczyk&quot;,&quot;indices&quot;:[3,16],&quot;screen_name&quot;:&quot;HeatherMalch&quot;,&quot;id_str&quot;:&quot;259446338&quot;},{&quot;id&quot;:1883424968,&quot;name&quot;:&quot;The News Hub&quot;,&quot;indices&quot;:[101,112],&quot;screen_name&quot;:&quot;TheNewsHub&quot;,&quot;id_str&quot;:&quot;1883424968&quot;}]},&quot;is_quote_status&quot;:false,&quot;source&quot;:&quot;&lt;a href=\&quot;http:\/\/twitter.com\/download\/iphone\&quot; rel=\&quot;nofollow\&quot;&gt;Twitter for iPhone&lt;\/a&gt;&quot;,&quot;favorited&quot;:false,&quot;in_reply_to_user_id&quot;:null,&quot;retweet_count&quot;:9,&quot;id_str&quot;:&quot;731772952883122176&quot;,&quot;user&quot;:{&quot;location&quot;:&quot;kenya &quot;,&quot;default_profile&quot;:true,&quot;profile_background_tile&quot;:false,&quot;statuses_count&quot;:2264,&quot;lang&quot;:&quot;en&quot;,&quot;profile_link_color&quot;:&quot;0084B4&quot;,&quot;profile_banner_url&quot;:&quot;https:\/\/pbs.twimg.com\/profile_banners\/4396389226\/1452615556&quot;,&quot;id&quot;:4396389226,&quot;following&quot;:null,&quot;protected&quot;:false,&quot;favourites_count&quot;:1069,&quot;profile_text_color&quot;:&quot;333333&quot;,&quot;description&quot;:&quot;Standing firmly with Oscar and his family. Love kindness &amp; fairness. Standing against injustice, corruption and hate. Truth will find the light.&quot;,&quot;verified&quot;:false,&quot;contributors_enabled&quot;:false,&quot;profile_sidebar_border_color&quot;:&quot;C0DEED&quot;,&quot;name&quot;:&quot;Tuli4Oscar&quot;,&quot;profile_background_color&quot;:&quot;C0DEED&quot;,&quot;created_at&quot;:&quot;Sun Dec 06 17:56:29 +0000 2015&quot;,&quot;is_translation_enabled&quot;:false,&quot;default_profile_image&quot;:false,&quot;followers_count&quot;:136,&quot;has_extended_profile&quot;:true,&quot;profile_image_url_https&quot;:&quot;https:\/\/pbs.twimg.com\/profile_images\/731408433245782016\/ooRe4IzV_normal.jpg&quot;,&quot;geo_enabled&quot;:false,&quot;profile_background_image_url&quot;:&quot;http:\/\/abs.twimg.com\/images\/themes\/theme1\/bg.png&quot;,&quot;profile_background_image_url_https&quot;:&quot;https:\/\/abs.twimg.com\/images\/themes\/theme1\/bg.png&quot;,&quot;follow_request_sent&quot;:null,&quot;entities&quot;:{&quot;description&quot;:{&quot;urls&quot;:[]}},&quot;url&quot;:null,&quot;utc_offset&quot;:null,&quot;time_zone&quot;:null,&quot;notifications&quot;:null,&quot;profile_use_background_image&quot;:true,&quot;friends_count&quot;:193,&quot;profile_sidebar_fill_color&quot;:&quot;DDEEF6&quot;,&quot;screen_name&quot;:&quot;norbatuli&quot;,&quot;id_str&quot;:&quot;4396389226&quot;,&quot;profile_image_url&quot;:&quot;http:\/\/pbs.twimg.com\/profile_images\/731408433245782016\/ooRe4IzV_normal.jpg&quot;,&quot;listed_count&quot;:5,&quot;is_translator&quot;:false}},{&quot;retweeted&quot;:false,&quot;in_reply_to_screen_name&quot;:null,&quot;possibly_sensitive&quot;:false,&quot;truncated&quot;:false,&quot;lang&quot;:&quot;en&quot;,&quot;in_reply_to_status_id_str&quot;:null,&quot;id&quot;:731772320335970304,&quot;in_reply_to_user_id_str&quot;:null,&quot;in_reply_to_status_id&quot;:null,&quot;created_at&quot;:&quot;Sun May 15 09:04:51 +0000 2016&quot;,&quot;favorite_count&quot;:0,&quot;place&quot;:null,&quot;coordinates&quot;:null,&quot;metadata&quot;:{&quot;result_type&quot;:&quot;recent&quot;,&quot;iso_language_code&quot;:&quot;en&quot;},&quot;text&quot;:&quot;#OscarPistorius \nProof if it were needed that &apos;care in the community&apos; just isn&apos;t working for #MarkWilliamsThomas https:\/\/t.co\/DZXw70sgvK&quot;,&quot;contributors&quot;:null,&quot;geo&quot;:null,&quot;entities&quot;:{&quot;symbols&quot;:[],&quot;urls&quot;:[],&quot;hashtags&quot;:[{&quot;text&quot;:&quot;OscarPistorius&quot;,&quot;indices&quot;:[0,15]},{&quot;text&quot;:&quot;MarkWilliamsThomas&quot;,&quot;indices&quot;:[93,112]}],&quot;media&quot;:[{&quot;sizes&quot;:{&quot;small&quot;:{&quot;w&quot;:340,&quot;resize&quot;:&quot;fit&quot;,&quot;h&quot;:132},&quot;thumb&quot;:{&quot;w&quot;:150,&quot;resize&quot;:&quot;crop&quot;,&quot;h&quot;:150},&quot;large&quot;:{&quot;w&quot;:1024,&quot;resize&quot;:&quot;fit&quot;,&quot;h&quot;:397},&quot;medium&quot;:{&quot;w&quot;:600,&quot;resize&quot;:&quot;fit&quot;,&quot;h&quot;:233}},&quot;id&quot;:731772309657272320,&quot;media_url_https&quot;:&quot;https:\/\/pbs.twimg.com\/media\/CifHCd2WwAAKJ86.jpg&quot;,&quot;media_url&quot;:&quot;http:\/\/pbs.twimg.com\/media\/CifHCd2WwAAKJ86.jpg&quot;,&quot;expanded_url&quot;:&quot;http:\/\/twitter.com\/TheShawrus\/status\/731772320335970304\/photo\/1&quot;,&quot;indices&quot;:[113,136],&quot;id_str&quot;:&quot;731772309657272320&quot;,&quot;type&quot;:&quot;photo&quot;,&quot;display_url&quot;:&quot;pic.twitter.com\/DZXw70sgvK&quot;,&quot;url&quot;:&quot;https:\/\/t.co\/DZXw70sgvK&quot;}],&quot;user_mentions&quot;:[]},&quot;is_quote_status&quot;:false,&quot;source&quot;:&quot;&lt;a href=\&quot;http:\/\/twitter.com\/#!\/download\/ipad\&quot; rel=\&quot;nofollow\&quot;&gt;Twitter for iPad&lt;\/a&gt;&quot;,&quot;favorited&quot;:false,&quot;in_reply_to_user_id&quot;:null,&quot;retweet_count&quot;:0,&quot;id_str&quot;:&quot;731772320335970304&quot;,&quot;user&quot;:{&quot;location&quot;:&quot;&quot;,&quot;default_profile&quot;:true,&quot;profile_background_tile&quot;:false,&quot;statuses_count&quot;:523,&quot;lang&quot;:&quot;en&quot;,&quot;profile_link_color&quot;:&quot;0084B4&quot;,&quot;profile_banner_url&quot;:&quot;https:\/\/pbs.twimg.com\/profile_banners\/2855436995\/1437393283&quot;,&quot;id&quot;:2855436995,&quot;following&quot;:null,&quot;protected&quot;:false,&quot;favourites_count&quot;:332,&quot;profile_text_color&quot;:&quot;333333&quot;,&quot;description&quot;:&quot;&quot;,&quot;verified&quot;:false,&quot;contributors_enabled&quot;:false,&quot;profile_sidebar_border_color&quot;:&quot;C0DEED&quot;,&quot;name&quot;:&quot;Shavian&quot;,&quot;profile_background_color&quot;:&quot;C0DEED&quot;,&quot;created_at&quot;:&quot;Sat Nov 01 19:16:30 +0000 2014&quot;,&quot;is_translation_enabled&quot;:false,&quot;default_profile_image&quot;:false,&quot;followers_count&quot;:114,&quot;has_extended_profile&quot;:false,&quot;profile_image_url_https&quot;:&quot;https:\/\/pbs.twimg.com\/profile_images\/727956215645515777\/Xf71V9Nm_normal.jpg&quot;,&quot;geo_enabled&quot;:false,&quot;profile_background_image_url&quot;:&quot;http:\/\/abs.twimg.com\/images\/themes\/theme1\/bg.png&quot;,&quot;profile_background_image_url_https&quot;:&quot;https:\/\/abs.twimg.com\/images\/themes\/theme1\/bg.png&quot;,&quot;follow_request_sent&quot;:null,&quot;entities&quot;:{&quot;description&quot;:{&quot;urls&quot;:[]}},&quot;url&quot;:null,&quot;utc_offset&quot;:null,&quot;time_zone&quot;:null,&quot;notifications&quot;:null,&quot;profile_use_background_image&quot;:true,&quot;friends_count&quot;:174,&quot;profile_sidebar_fill_color&quot;:&quot;DDEEF6&quot;,&quot;screen_name&quot;:&quot;TheShawrus&quot;,&quot;id_str&quot;:&quot;2855436995&quot;,&quot;profile_image_url&quot;:&quot;http:\/\/pbs.twimg.com\/profile_images\/727956215645515777\/Xf71V9Nm_normal.jpg&quot;,&quot;listed_count&quot;:2,&quot;is_translator&quot;:false}},{&quot;contributors&quot;:null,&quot;text&quot;:&quot;@ZaahiraYelena @ewnreporter .. #OscarPistorius will be happy if Gerrie Nel is arrested...&quot;,&quot;geo&quot;:null,&quot;retweeted&quot;:false,&quot;in_reply_to_screen_name&quot;:&quot;ZaahiraYelena&quot;,&quot;truncated&quot;:false,&quot;lang&quot;:&quot;en&quot;,&quot;entities&quot;:{&quot;symbols&quot;:[],&quot;urls&quot;:[],&quot;hashtags&quot;:[{&quot;text&quot;:&quot;OscarPistorius&quot;,&quot;indices&quot;:[31,46]}],&quot;user_mentions&quot;:[{&quot;id&quot;:52355434,&quot;name&quot;:&quot;Snap: Zaahira_Yelena&quot;,&quot;indices&quot;:[0,14],&quot;screen_name&quot;:&quot;ZaahiraYelena&quot;,&quot;id_str&quot;:&quot;52355434&quot;},{&quot;id&quot;:191795989,&quot;name&quot;:&quot;EWN Reporter&quot;,&quot;indices&quot;:[15,27],&quot;screen_name&quot;:&quot;ewnreporter&quot;,&quot;id_str&quot;:&quot;191795989&quot;}]},&quot;in_reply_to_status_id_str&quot;:&quot;731751352586649600&quot;,&quot;is_quote_status&quot;:false,&quot;id&quot;:731761809611497473,&quot;source&quot;:&quot;&lt;a href=\&quot;http:\/\/twitter.com\/download\/iphone\&quot; rel=\&quot;nofollow\&quot;&gt;Twitter for iPhone&lt;\/a&gt;&quot;,&quot;in_reply_to_user_id_str&quot;:&quot;52355434&quot;,&quot;favorited&quot;:false,&quot;in_reply_to_status_id&quot;:731751352586649600,&quot;retweet_count&quot;:0,&quot;created_at&quot;:&quot;Sun May 15 08:23:05 +0000 2016&quot;,&quot;in_reply_to_user_id&quot;:52355434,&quot;favorite_count&quot;:0,&quot;id_str&quot;:&quot;731761809611497473&quot;,&quot;place&quot;:null,&quot;user&quot;:{&quot;location&quot;:&quot;Johannesburg&quot;,&quot;default_profile&quot;:true,&quot;profile_background_tile&quot;:false,&quot;statuses_count&quot;:14648,&quot;lang&quot;:&quot;en&quot;,&quot;profile_link_color&quot;:&quot;0084B4&quot;,&quot;profile_banner_url&quot;:&quot;https:\/\/pbs.twimg.com\/profile_banners\/174737539\/1410466635&quot;,&quot;id&quot;:174737539,&quot;following&quot;:null,&quot;protected&quot;:false,&quot;favourites_count&quot;:5,&quot;profile_text_color&quot;:&quot;333333&quot;,&quot;description&quot;:&quot;Visionary , father , rebel , mis-understood , husband , anti-hero , golfer , greedy .....&quot;,&quot;verified&quot;:false,&quot;contributors_enabled&quot;:false,&quot;profile_sidebar_border_color&quot;:&quot;C0DEED&quot;,&quot;name&quot;:&quot;Simon&quot;,&quot;profile_background_color&quot;:&quot;C0DEED&quot;,&quot;created_at&quot;:&quot;Wed Aug 04 18:05:09 +0000 2010&quot;,&quot;is_translation_enabled&quot;:false,&quot;default_profile_image&quot;:false,&quot;followers_count&quot;:989,&quot;has_extended_profile&quot;:false,&quot;profile_image_url_https&quot;:&quot;https:\/\/pbs.twimg.com\/profile_images\/565541380307828736\/kiwMGkRW_normal.jpeg&quot;,&quot;geo_enabled&quot;:false,&quot;profile_background_image_url&quot;:&quot;http:\/\/abs.twimg.com\/images\/themes\/theme1\/bg.png&quot;,&quot;profile_background_image_url_https&quot;:&quot;https:\/\/abs.twimg.com\/images\/themes\/theme1\/bg.png&quot;,&quot;follow_request_sent&quot;:null,&quot;entities&quot;:{&quot;description&quot;:{&quot;urls&quot;:[]}},&quot;url&quot;:null,&quot;utc_offset&quot;:7200,&quot;time_zone&quot;:&quot;Pretoria&quot;,&quot;notifications&quot;:null,&quot;profile_use_background_image&quot;:true,&quot;friends_count&quot;:1375,&quot;profile_sidebar_fill_color&quot;:&quot;DDEEF6&quot;,&quot;screen_name&quot;:&quot;prozac_pusher&quot;,&quot;id_str&quot;:&quot;174737539&quot;,&quot;profile_image_url&quot;:&quot;http:\/\/pbs.twimg.com\/profile_images\/565541380307828736\/kiwMGkRW_normal.jpeg&quot;,&quot;listed_count&quot;:20,&quot;is_translator&quot;:false},&quot;coordinates&quot;:null,&quot;metadata&quot;:{&quot;result_type&quot;:&quot;recent&quot;,&quot;iso_language_code&quot;:&quot;en&quot;}}]

 ******** return the first 5 statuses ********
+++++++ tweet: Tweet(twitterId=731772952883122176, text=RT @HeatherMalch: The Oscar Pistorius Case - NOT a women&apos;s rights issue. https://t.co/DYpZJMExSQ via @TheNewsHub #OscarPistorius, geoLocation=GeoLocation(coordinates=[Coordinate(latitude=-0.023559, longitude=37.906193)], type=Point, name=kenya ), createdBy=Tuli4Oscar, createdAt=java.util.GregorianCalendar[time=1463303242000,areFieldsSet=true,areAllFieldsSet=true,lenient=true,zone=sun.util.calendar.ZoneInfo[id=&quot;UTC&quot;,offset=0,dstSavings=0,useDaylight=false,transitions=0,lastRule=null],firstDayOfWeek=1,minimalDaysInFirstWeek=1,ERA=1,YEAR=2016,MONTH=4,WEEK_OF_YEAR=21,WEEK_OF_MONTH=3,DAY_OF_MONTH=15,DAY_OF_YEAR=136,DAY_OF_WEEK=1,DAY_OF_WEEK_IN_MONTH=3,AM_PM=0,HOUR=9,HOUR_OF_DAY=9,MINUTE=7,SECOND=22,MILLISECOND=0,ZONE_OFFSET=0,DST_OFFSET=0], favouriteCount=0, hashtags=[OscarPistorius], inReplyToName=, inReplyToStatusId=-1, inReplyToUserId=-1, quotedStatusId=-1, isRetweet=true, retweeted=false, retweetedCount=9, language=, sensitive=false, url=&lt;a href=&quot;http://twitter.com/download/iphone&quot; rel=&quot;nofollow&quot;&gt;Twitter for iPhone&lt;/a&gt;)
+++++++ tweet: Tweet(twitterId=731761809611497473, text=@ZaahiraYelena @ewnreporter .. #OscarPistorius will be happy if Gerrie Nel is arrested..., geoLocation=GeoLocation(coordinates=[Coordinate(latitude=-26.2041028, longitude=28.0473051)], type=Point, name=Johannesburg), createdBy=Simon, createdAt=java.util.GregorianCalendar[time=1463300585000,areFieldsSet=true,areAllFieldsSet=true,lenient=true,zone=sun.util.calendar.ZoneInfo[id=&quot;UTC&quot;,offset=0,dstSavings=0,useDaylight=false,transitions=0,lastRule=null],firstDayOfWeek=1,minimalDaysInFirstWeek=1,ERA=1,YEAR=2016,MONTH=4,WEEK_OF_YEAR=21,WEEK_OF_MONTH=3,DAY_OF_MONTH=15,DAY_OF_YEAR=136,DAY_OF_WEEK=1,DAY_OF_WEEK_IN_MONTH=3,AM_PM=0,HOUR=8,HOUR_OF_DAY=8,MINUTE=23,SECOND=5,MILLISECOND=0,ZONE_OFFSET=0,DST_OFFSET=0], favouriteCount=0, hashtags=[OscarPistorius], inReplyToName=ZaahiraYelena, inReplyToStatusId=731751352586649600, inReplyToUserId=52355434, quotedStatusId=-1, isRetweet=false, retweeted=false, retweetedCount=0, language=, sensitive=false, url=&lt;a href=&quot;http://twitter.com/download/iphone&quot; rel=&quot;nofollow&quot;&gt;Twitter for iPhone&lt;/a&gt;)
</system-out>
    <system-err>May 15, 2016 12:37:01 PM za.ac.wits.cpd.service.bigdatavisual.FileHelper write
OFF: /home/mkhwinana/Dev/eduworkspace/TwitterAuthService/tweets/tweet-1463308621397.json written....
May 15, 2016 12:37:01 PM za.ac.wits.cpd.service.bigdatavisual.TweetMapper toGregorianCalendar
OFF: Calendar date UTC : Sun May 15 10:35:23 UTC 2016
May 15, 2016 12:37:01 PM za.ac.wits.cpd.service.bigdatavisual.TweetMapper toGregorianCalendar
OFF: JSON provided date: Sun May 15 10:35:23 +0000 2016
May 15, 2016 12:37:01 PM za.ac.wits.cpd.service.bigdatavisual.TweetsDataExtractor fetchTweets
SEVERE: **** Number of tweets before determining the location: 5
May 15, 2016 12:37:01 PM za.ac.wits.cpd.service.bigdatavisual.FileHelper write
OFF: /home/mkhwinana/Dev/eduworkspace/TwitterAuthService/tweets/tweet-1463308621401.json written....
May 15, 2016 12:37:01 PM za.ac.wits.cpd.service.bigdatavisual.TweetMapper toGregorianCalendar
OFF: Calendar date UTC : Sun May 15 10:34:44 UTC 2016
May 15, 2016 12:37:01 PM za.ac.wits.cpd.service.bigdatavisual.TweetMapper toGregorianCalendar
OFF: JSON provided date: Sun May 15 10:34:44 +0000 2016
May 15, 2016 12:37:01 PM za.ac.wits.cpd.service.bigdatavisual.TweetsDataExtractor fetchTweets
SEVERE: **** Number of tweets before determining the location: 5
May 15, 2016 12:37:01 PM za.ac.wits.cpd.service.bigdatavisual.FileHelper write
OFF: /home/mkhwinana/Dev/eduworkspace/TwitterAuthService/tweets/tweet-1463308621404.json written....
May 15, 2016 12:37:01 PM za.ac.wits.cpd.service.bigdatavisual.TweetMapper toGregorianCalendar
OFF: Calendar date UTC : Sun May 15 09:07:22 UTC 2016
May 15, 2016 12:37:01 PM za.ac.wits.cpd.service.bigdatavisual.TweetMapper toGregorianCalendar
OFF: JSON provided date: Sun May 15 09:07:22 +0000 2016
May 15, 2016 12:37:01 PM com.google.maps.GeoApiContext getWithPath
INFO: Request: https://maps.googleapis.com/maps/api/geocode/json?key=AIzaSyA3kPdcv9LNfthpEUHFkvh0vGvl8XpSdww&amp;address=kenya+
May 15, 2016 12:37:01 PM za.ac.wits.cpd.service.bigdatavisual.TweetsDataExtractor fetchTweets
SEVERE: **** Number of tweets before determining the location: 5
May 15, 2016 12:37:01 PM za.ac.wits.cpd.service.bigdatavisual.FileHelper write
OFF: /home/mkhwinana/Dev/eduworkspace/TwitterAuthService/tweets/tweet-1463308621588.json written....
May 15, 2016 12:37:01 PM za.ac.wits.cpd.service.bigdatavisual.TweetMapper toGregorianCalendar
OFF: Calendar date UTC : Sun May 15 09:04:51 UTC 2016
May 15, 2016 12:37:01 PM za.ac.wits.cpd.service.bigdatavisual.TweetMapper toGregorianCalendar
OFF: JSON provided date: Sun May 15 09:04:51 +0000 2016
May 15, 2016 12:37:01 PM za.ac.wits.cpd.service.bigdatavisual.TweetsDataExtractor fetchTweets
SEVERE: **** Number of tweets before determining the location: 5
May 15, 2016 12:37:01 PM za.ac.wits.cpd.service.bigdatavisual.FileHelper write
OFF: /home/mkhwinana/Dev/eduworkspace/TwitterAuthService/tweets/tweet-1463308621590.json written....
May 15, 2016 12:37:01 PM za.ac.wits.cpd.service.bigdatavisual.TweetMapper toGregorianCalendar
OFF: Calendar date UTC : Sun May 15 08:23:05 UTC 2016
May 15, 2016 12:37:01 PM za.ac.wits.cpd.service.bigdatavisual.TweetMapper toGregorianCalendar
OFF: JSON provided date: Sun May 15 08:23:05 +0000 2016
May 15, 2016 12:37:01 PM com.google.maps.GeoApiContext getWithPath
INFO: Request: https://maps.googleapis.com/maps/api/geocode/json?key=AIzaSyA3kPdcv9LNfthpEUHFkvh0vGvl8XpSdww&amp;address=Johannesburg
May 15, 2016 12:37:01 PM za.ac.wits.cpd.service.bigdatavisual.TweetsDataExtractor fetchTweets
SEVERE: **** Number of tweets before determining the location: 5
May 15, 2016 12:37:01 PM za.ac.wits.cpd.service.bigdatavisual.TweetsDataExtractor fetchTweets
SEVERE: +++++ Number of tweets after determining the location: 2
</system-err>
  </testcase>
  <testcase time="0" classname="za.ac.wits.cpd.elen7046.group2.DataExtractorTest" name="testExtractNullUrlData"/>
  <testcase time="4.074" classname="za.ac.wits.cpd.elen7046.group2.DataExtractorTest" name="testExtractData">
    <failure type="java.lang.AssertionError">java.lang.AssertionError
	at org.junit.Assert.fail(Assert.java:86)
	at org.junit.Assert.assertTrue(Assert.java:41)
	at org.junit.Assert.assertTrue(Assert.java:52)
	at za.ac.wits.cpd.elen7046.group2.DataExtractorTest.testExtractData(DataExtractorTest.java:49)
	at sun.reflect.NativeMethodAccessorImpl.invoke0(Native Method)
	at sun.reflect.NativeMethodAccessorImpl.invoke(NativeMethodAccessorImpl.java:57)
	at sun.reflect.DelegatingMethodAccessorImpl.invoke(DelegatingMethodAccessorImpl.java:43)
	at java.lang.reflect.Method.invoke(Method.java:606)
	at org.junit.runners.model.FrameworkMethod$1.runReflectiveCall(FrameworkMethod.java:50)
	at org.junit.internal.runners.model.ReflectiveCallable.run(ReflectiveCallable.java:12)
	at org.junit.runners.model.FrameworkMethod.invokeExplosively(FrameworkMethod.java:47)
	at org.junit.internal.runners.statements.InvokeMethod.evaluate(InvokeMethod.java:17)
	at org.junit.internal.runners.statements.RunBefores.evaluate(RunBefores.java:26)
	at org.junit.runners.ParentRunner.runLeaf(ParentRunner.java:325)
	at org.junit.runners.BlockJUnit4ClassRunner.runChild(BlockJUnit4ClassRunner.java:78)
	at org.junit.runners.BlockJUnit4ClassRunner.runChild(BlockJUnit4ClassRunner.java:57)
	at org.junit.runners.ParentRunner$3.run(ParentRunner.java:290)
	at org.junit.runners.ParentRunner$1.schedule(ParentRunner.java:71)
	at org.junit.runners.ParentRunner.runChildren(ParentRunner.java:288)
	at org.junit.runners.ParentRunner.access$000(ParentRunner.java:58)
	at org.junit.runners.ParentRunner$2.evaluate(ParentRunner.java:268)
	at org.junit.runners.ParentRunner.run(ParentRunner.java:363)
	at org.apache.maven.surefire.junit4.JUnit4Provider.execute(JUnit4Provider.java:252)
	at org.apache.maven.surefire.junit4.JUnit4Provider.executeTestSet(JUnit4Provider.java:141)
	at org.apache.maven.surefire.junit4.JUnit4Provider.invoke(JUnit4Provider.java:112)
	at sun.reflect.NativeMethodAccessorImpl.invoke0(Native Method)
	at sun.reflect.NativeMethodAccessorImpl.invoke(NativeMethodAccessorImpl.java:57)
	at sun.reflect.DelegatingMethodAccessorImpl.invoke(DelegatingMethodAccessorImpl.java:43)
	at java.lang.reflect.Method.invoke(Method.java:606)
	at org.apache.maven.surefire.util.ReflectionUtils.invokeMethodWithArray(ReflectionUtils.java:189)
	at org.apache.maven.surefire.booter.ProviderFactory$ProviderProxy.invoke(ProviderFactory.java:165)
	at org.apache.maven.surefire.booter.ProviderFactory.invokeProvider(ProviderFactory.java:85)
	at org.apache.maven.surefire.booter.ForkedBooter.runSuitesInProcess(ForkedBooter.java:115)
	at org.apache.maven.surefire.booter.ForkedBooter.main(ForkedBooter.java:75)
</failure>
    <system-out>url: https://api.twitter.com/1.1/search/tweets.json?q=%23OscarPistorius&amp;cursor=0
First 5 statuses returned!!!
: [{&quot;retweeted&quot;:false,&quot;in_reply_to_screen_name&quot;:null,&quot;possibly_sensitive&quot;:false,&quot;truncated&quot;:false,&quot;lang&quot;:&quot;und&quot;,&quot;in_reply_to_status_id_str&quot;:null,&quot;id&quot;:731795103895961605,&quot;in_reply_to_user_id_str&quot;:null,&quot;in_reply_to_status_id&quot;:null,&quot;created_at&quot;:&quot;Sun May 15 10:35:23 +0000 2016&quot;,&quot;favorite_count&quot;:0,&quot;place&quot;:null,&quot;coordinates&quot;:null,&quot;metadata&quot;:{&quot;result_type&quot;:&quot;recent&quot;,&quot;iso_language_code&quot;:&quot;und&quot;},&quot;text&quot;:&quot;#oscarpistorius #compassion https:\/\/t.co\/aFaTVGM9Gh&quot;,&quot;contributors&quot;:null,&quot;geo&quot;:null,&quot;entities&quot;:{&quot;symbols&quot;:[],&quot;urls&quot;:[],&quot;hashtags&quot;:[{&quot;text&quot;:&quot;oscarpistorius&quot;,&quot;indices&quot;:[0,15]},{&quot;text&quot;:&quot;compassion&quot;,&quot;indices&quot;:[16,27]}],&quot;media&quot;:[{&quot;sizes&quot;:{&quot;thumb&quot;:{&quot;w&quot;:150,&quot;resize&quot;:&quot;crop&quot;,&quot;h&quot;:150},&quot;small&quot;:{&quot;w&quot;:340,&quot;resize&quot;:&quot;fit&quot;,&quot;h&quot;:510},&quot;medium&quot;:{&quot;w&quot;:600,&quot;resize&quot;:&quot;fit&quot;,&quot;h&quot;:900},&quot;large&quot;:{&quot;w&quot;:640,&quot;resize&quot;:&quot;fit&quot;,&quot;h&quot;:960}},&quot;id&quot;:731795058689736704,&quot;media_url_https&quot;:&quot;https:\/\/pbs.twimg.com\/media\/CifbuomWgAAtE4T.jpg&quot;,&quot;media_url&quot;:&quot;http:\/\/pbs.twimg.com\/media\/CifbuomWgAAtE4T.jpg&quot;,&quot;expanded_url&quot;:&quot;http:\/\/twitter.com\/candc_x199\/status\/731795103895961605\/photo\/1&quot;,&quot;indices&quot;:[28,51],&quot;id_str&quot;:&quot;731795058689736704&quot;,&quot;type&quot;:&quot;photo&quot;,&quot;display_url&quot;:&quot;pic.twitter.com\/aFaTVGM9Gh&quot;,&quot;url&quot;:&quot;https:\/\/t.co\/aFaTVGM9Gh&quot;}],&quot;user_mentions&quot;:[]},&quot;is_quote_status&quot;:false,&quot;source&quot;:&quot;&lt;a href=\&quot;http:\/\/twitter.com\/download\/iphone\&quot; rel=\&quot;nofollow\&quot;&gt;Twitter for iPhone&lt;\/a&gt;&quot;,&quot;favorited&quot;:false,&quot;in_reply_to_user_id&quot;:null,&quot;retweet_count&quot;:0,&quot;id_str&quot;:&quot;731795103895961605&quot;,&quot;user&quot;:{&quot;location&quot;:&quot;&quot;,&quot;default_profile&quot;:true,&quot;profile_background_tile&quot;:false,&quot;statuses_count&quot;:779,&quot;lang&quot;:&quot;en-GB&quot;,&quot;profile_link_color&quot;:&quot;0084B4&quot;,&quot;profile_banner_url&quot;:&quot;https:\/\/pbs.twimg.com\/profile_banners\/3888529515\/1461313548&quot;,&quot;id&quot;:3888529515,&quot;following&quot;:null,&quot;protected&quot;:false,&quot;favourites_count&quot;:216,&quot;profile_text_color&quot;:&quot;333333&quot;,&quot;description&quot;:&quot;&quot;,&quot;verified&quot;:false,&quot;contributors_enabled&quot;:false,&quot;profile_sidebar_border_color&quot;:&quot;C0DEED&quot;,&quot;name&quot;:&quot;X199 C&amp;C&quot;,&quot;profile_background_color&quot;:&quot;C0DEED&quot;,&quot;created_at&quot;:&quot;Wed Oct 07 09:00:20 +0000 2015&quot;,&quot;is_translation_enabled&quot;:false,&quot;default_profile_image&quot;:false,&quot;followers_count&quot;:124,&quot;has_extended_profile&quot;:false,&quot;profile_image_url_https&quot;:&quot;https:\/\/pbs.twimg.com\/profile_images\/651684259976081412\/7YL-KY3u_normal.jpg&quot;,&quot;geo_en
[...]
le_use_background_image&quot;:true,&quot;friends_count&quot;:2687,&quot;profile_sidebar_fill_color&quot;:&quot;000000&quot;,&quot;screen_name&quot;:&quot;lisawJ13&quot;,&quot;id_str&quot;:&quot;260580315&quot;,&quot;profile_image_url&quot;:&quot;http:\/\/pbs.twimg.com\/profile_images\/727667480433336321\/Cr3dMcs2_normal.jpg&quot;,&quot;listed_count&quot;:31,&quot;is_translator&quot;:false}},&quot;geo&quot;:null,&quot;entities&quot;:{&quot;symbols&quot;:[],&quot;urls&quot;:[{&quot;expanded_url&quot;:&quot;http:\/\/www.amazon.com\/dp\/B0149YRKW8\/&quot;,&quot;indices&quot;:[95,118],&quot;display_url&quot;:&quot;amazon.com\/dp\/B0149YRKW8\/&quot;,&quot;url&quot;:&quot;https:\/\/t.co\/7WMDM1498h&quot;}],&quot;hashtags&quot;:[{&quot;text&quot;:&quot;OscarPistorius&quot;,&quot;indices&quot;:[78,93]}],&quot;media&quot;:[{&quot;sizes&quot;:{&quot;thumb&quot;:{&quot;w&quot;:150,&quot;resize&quot;:&quot;crop&quot;,&quot;h&quot;:150},&quot;small&quot;:{&quot;w&quot;:340,&quot;resize&quot;:&quot;fit&quot;,&quot;h&quot;:248},&quot;large&quot;:{&quot;w&quot;:390,&quot;resize&quot;:&quot;fit&quot;,&quot;h&quot;:285},&quot;medium&quot;:{&quot;w&quot;:390,&quot;resize&quot;:&quot;fit&quot;,&quot;h&quot;:285}},&quot;source_user_id&quot;:260580315,&quot;media_url&quot;:&quot;http:\/\/pbs.twimg.com\/media\/CidFE3vUkAEtSEn.jpg&quot;,&quot;display_url&quot;:&quot;pic.twitter.com\/Dh0KsshX1H&quot;,&quot;type&quot;:&quot;photo&quot;,&quot;url&quot;:&quot;https:\/\/t.co\/Dh0KsshX1H&quot;,&quot;id&quot;:731629414455218177,&quot;media_url_https&quot;:&quot;https:\/\/pbs.twimg.com\/media\/CidFE3vUkAEtSEn.jpg&quot;,&quot;expanded_url&quot;:&quot;http:\/\/twitter.com\/lisawJ13\/status\/731629444608233472\/photo\/1&quot;,&quot;source_user_id_str&quot;:&quot;260580315&quot;,&quot;indices&quot;:[119,140],&quot;source_status_id_str&quot;:&quot;731629444608233472&quot;,&quot;source_status_id&quot;:731629444608233472,&quot;id_str&quot;:&quot;731629414455218177&quot;}],&quot;user_mentions&quot;:[{&quot;id&quot;:260580315,&quot;name&quot;:&quot;Lisa&quot;,&quot;indices&quot;:[3,12],&quot;screen_name&quot;:&quot;lisawJ13&quot;,&quot;id_str&quot;:&quot;260580315&quot;}]},&quot;is_quote_status&quot;:false,&quot;source&quot;:&quot;&lt;a href=\&quot;http:\/\/twitter.com\&quot; rel=\&quot;nofollow\&quot;&gt;Twitter Web Client&lt;\/a&gt;&quot;,&quot;favorited&quot;:false,&quot;in_reply_to_user_id&quot;:null,&quot;retweet_count&quot;:2,&quot;id_str&quot;:&quot;731643833684004864&quot;,&quot;user&quot;:{&quot;location&quot;:&quot;&quot;,&quot;default_profile&quot;:false,&quot;profile_background_tile&quot;:false,&quot;statuses_count&quot;:37717,&quot;lang&quot;:&quot;en&quot;,&quot;profile_link_color&quot;:&quot;3B94D9&quot;,&quot;profile_banner_url&quot;:&quot;https:\/\/pbs.twimg.com\/profile_banners\/1265647256\/1460335297&quot;,&quot;id&quot;:1265647256,&quot;following&quot;:null,&quot;protected&quot;:false,&quot;favourites_count&quot;:48305,&quot;profile_text_color&quot;:&quot;000000&quot;,&quot;description&quot;:&quot;&quot;,&quot;verified&quot;:false,&quot;contributors_enabled&quot;:false,&quot;profile_sidebar_border_color&quot;:&quot;000000&quot;,&quot;name&quot;:&quot;Adele J&quot;,&quot;profile_background_color&quot;:&quot;000000&quot;,&quot;created_at&quot;:&quot;Wed Mar 13 22:51:32 +0000 2013&quot;,&quot;is_translation_enabled&quot;:false,&quot;default_profile_image&quot;:false,&quot;followers_count&quot;:387,&quot;has_extended_profile&quot;:true,&quot;profile_image_url_https&quot;:&quot;https:\/\/pbs.twimg.com\/profile_images\/730952631175143424\/hJSXjES7_normal.jpg&quot;,&quot;geo_enabled&quot;:false,&quot;profile_background_image_url&quot;:&quot;http:\/\/abs.twimg.com\/images\/themes\/theme1\/bg.png&quot;,&quot;profile_background_image_url_https&quot;:&quot;https:\/\/abs.twimg.com\/images\/themes\/theme1\/bg.png&quot;,&quot;follow_request_sent&quot;:null,&quot;entities&quot;:{&quot;description&quot;:{&quot;urls&quot;:[]}},&quot;url&quot;:null,&quot;utc_offset&quot;:-14400,&quot;time_zone&quot;:&quot;Eastern Time (US &amp; Canada)&quot;,&quot;notifications&quot;:null,&quot;profile_use_background_image&quot;:false,&quot;friends_count&quot;:272,&quot;profile_sidebar_fill_color&quot;:&quot;000000&quot;,&quot;screen_name&quot;:&quot;adeleatplay&quot;,&quot;id_str&quot;:&quot;1265647256&quot;,&quot;profile_image_url&quot;:&quot;http:\/\/pbs.twimg.com\/profile_images\/730952631175143424\/hJSXjES7_normal.jpg&quot;,&quot;listed_count&quot;:13,&quot;is_translator&quot;:false}},{&quot;contributors&quot;:null,&quot;text&quot;:&quot;osu que rica la pollita de @#OscarPistorius&quot;,&quot;geo&quot;:null,&quot;retweeted&quot;:false,&quot;in_reply_to_screen_name&quot;:null,&quot;truncated&quot;:false,&quot;lang&quot;:&quot;it&quot;,&quot;entities&quot;:{&quot;symbols&quot;:[],&quot;urls&quot;:[],&quot;hashtags&quot;:[{&quot;text&quot;:&quot;OscarPistorius&quot;,&quot;indices&quot;:[28,43]}],&quot;user_mentions&quot;:[]},&quot;in_reply_to_status_id_str&quot;:null,&quot;is_quote_status&quot;:false,&quot;id&quot;:731639753901244416,&quot;source&quot;:&quot;&lt;a href=\&quot;http:\/\/twitter.com\&quot; rel=\&quot;nofollow\&quot;&gt;Twitter Web Client&lt;\/a&gt;&quot;,&quot;in_reply_to_user_id_str&quot;:null,&quot;favorited&quot;:false,&quot;in_reply_to_status_id&quot;:null,&quot;retweet_count&quot;:0,&quot;created_at&quot;:&quot;Sun May 15 00:18:05 +0000 2016&quot;,&quot;in_reply_to_user_id&quot;:null,&quot;favorite_count&quot;:1,&quot;id_str&quot;:&quot;731639753901244416&quot;,&quot;place&quot;:null,&quot;user&quot;:{&quot;location&quot;:&quot;Córdoba, Spain.&quot;,&quot;default_profile&quot;:false,&quot;profile_background_tile&quot;:false,&quot;statuses_count&quot;:5954,&quot;lang&quot;:&quot;es&quot;,&quot;profile_link_color&quot;:&quot;2FC2EF&quot;,&quot;profile_banner_url&quot;:&quot;https:\/\/pbs.twimg.com\/profile_banners\/586599095\/1398261689&quot;,&quot;id&quot;:586599095,&quot;following&quot;:null,&quot;protected&quot;:false,&quot;favourites_count&quot;:6270,&quot;profile_text_color&quot;:&quot;0084B4&quot;,&quot;description&quot;:&quot;Skateboarder - Photographer.&quot;,&quot;verified&quot;:false,&quot;contributors_enabled&quot;:false,&quot;profile_sidebar_border_color&quot;:&quot;FFFFFF&quot;,&quot;name&quot;:&quot;Alex Blackheart&quot;,&quot;profile_background_color&quot;:&quot;1A1B1F&quot;,&quot;created_at&quot;:&quot;Mon May 21 14:47:31 +0000 2012&quot;,&quot;is_translation_enabled&quot;:false,&quot;default_profile_image&quot;:false,&quot;followers_count&quot;:2236,&quot;has_extended_profile&quot;:true,&quot;profile_image_url_https&quot;:&quot;https:\/\/pbs.twimg.com\/profile_images\/521994777869684736\/KHl6yiZI_normal.jpeg&quot;,&quot;geo_enabled&quot;:true,&quot;profile_background_image_url&quot;:&quot;http:\/\/pbs.twimg.com\/profile_background_images\/842982497\/9de441a2f52ef490b35533b64b25a442.jpeg&quot;,&quot;profile_background_image_url_https&quot;:&quot;https:\/\/pbs.twimg.com\/profile_background_images\/842982497\/9de441a2f52ef490b35533b64b25a442.jpeg&quot;,&quot;follow_request_sent&quot;:null,&quot;entities&quot;:{&quot;description&quot;:{&quot;urls&quot;:[]},&quot;url&quot;:{&quot;urls&quot;:[{&quot;expanded_url&quot;:&quot;http:\/\/Instagram.com\/alexblackheart&quot;,&quot;indices&quot;:[0,22],&quot;display_url&quot;:&quot;Instagram.com\/alexblackheart&quot;,&quot;url&quot;:&quot;http:\/\/t.co\/pJqerUETps&quot;}]}},&quot;url&quot;:&quot;http:\/\/t.co\/pJqerUETps&quot;,&quot;utc_offset&quot;:null,&quot;time_zone&quot;:null,&quot;notifications&quot;:null,&quot;profile_use_background_image&quot;:true,&quot;friends_count&quot;:1647,&quot;profile_sidebar_fill_color&quot;:&quot;DDEEF6&quot;,&quot;screen_name&quot;:&quot;AlexBlackheart2&quot;,&quot;id_str&quot;:&quot;586599095&quot;,&quot;profile_image_url&quot;:&quot;http:\/\/pbs.twimg.com\/profile_images\/521994777869684736\/KHl6yiZI_normal.jpeg&quot;,&quot;listed_count&quot;:17,&quot;is_translator&quot;:false},&quot;coordinates&quot;:null,&quot;metadata&quot;:{&quot;result_type&quot;:&quot;recent&quot;,&quot;iso_language_code&quot;:&quot;it&quot;}}]

 ******** return the first 5 statuses ********
</system-out>
    <system-err>May 15, 2016 12:37:03 PM za.ac.wits.cpd.service.bigdatavisual.FileHelper write
OFF: /home/mkhwinana/Dev/eduworkspace/TwitterAuthService/tweets/tweet-1463308623789.json written....
May 15, 2016 12:37:03 PM za.ac.wits.cpd.service.bigdatavisual.TweetMapper toGregorianCalendar
OFF: Calendar date UTC : Sun May 15 10:35:23 UTC 2016
May 15, 2016 12:37:03 PM za.ac.wits.cpd.service.bigdatavisual.TweetMapper toGregorianCalendar
OFF: JSON provided date: Sun May 15 10:35:23 +0000 2016
May 15, 2016 12:37:03 PM za.ac.wits.cpd.service.bigdatavisual.TweetsDataExtractor fetchTweets
SEVERE: **** Number of tweets before determining the location: 15
May 15, 2016 12:37:03 PM za.ac.wits.cpd.service.bigdatavisual.FileHelper write
OFF: /home/mkhwinana/Dev/eduworkspace/TwitterAuthService/tweets/tweet-1463308623791.json written....
May 15, 2016 12:37:03 PM za.ac.wits.cpd.service.bigdatavisual.TweetMapper toGregorianCalendar
OFF: Calendar date UTC : Sun May 15 10:34:44 UTC 2016
May 15, 2016 12:37:03 PM za.ac.wits.cpd.service.bigdatavisual.TweetMapper toGregorianCalendar
OFF: JSON provided date: Sun May 15 10:34:44 +0000 2016
May 15, 2016 12:37:03 PM za.ac.wits.cpd.service.bigdatavisual.TweetsDataExtractor fetchTweets
SEVERE: **** Number of tweets before determining the location: 15
May 15, 2016 12:37:03 PM za.ac.wits.cpd.service.bigdatavisual.FileHelper write
OFF: /home/mkhwinana/Dev/eduworkspace/TwitterAuthService/tweets/tweet-1463308623793.json written....
May 15, 2016 12:37:03 PM za.ac.wits.cpd.service.bigdatavisual.TweetMapper toGregorianCalendar
OFF: Calendar date UTC : Sun May 15 09:07:22 UTC 2016
May 15, 2016 12:37:03 PM za.ac.wits.cpd.service.bigdatavisual.TweetMapper toGregorianCalendar
OFF: JSON provided date: Sun May 15 09:07:22 +0000 2016
May 15, 2016 12:37:03 PM com.google.maps.GeoApiContext getWithPath
INFO: Request: https://maps.googleapis.com/maps/api/geocode/json?key=AIzaSyA3kPdcv9LNfthpEUHFkvh0vGvl8XpSdww&amp;address=kenya+
May 15, 2016 12:37:03 PM za.ac.wits.cpd.service.bigdatavisual.TweetsDataExtractor fetchTweets
SEVERE: **** Number of tweets before determining the location: 15
May 15, 2016 12:37:03 PM za.ac.wits.cpd.service.bigdatavisual.FileHelper write
OFF: /home/mkhwinana/Dev/eduworkspace/TwitterAuthService/tweets/tweet-1463308623982.json written....
May 15, 2016 12:37:03 PM za.ac.wits.cpd.service.bigdatavisual.TweetMapper toGregorianCalendar
OFF: Calendar date UTC : Sun May 15 09:04:51 UTC 2016
May 15, 2016 12:37:03 PM za.ac.wits.cpd.service.bigdatavisual.TweetMapper toGregorianCalendar
OFF: JSON provided date: Sun May 15 09:04:51 +0000 2016
May 15, 2016 12:37:03 PM za.ac.wits.cpd.service.bigdatavisual.TweetsDataExtractor fetchTweets
SEVERE: **** Number of tweets before determining the location: 15
May 15, 2016 12:37:03 PM za.ac.wits.cpd.service.bigdatavisual.FileHelper write
OFF: /home/mkhwinana/Dev/eduworkspace/TwitterAuthService/tweets/tweet-1463308623984.json written....
May 15, 2016 12:37:03 PM za.ac.wits.cpd.service.bigdatavisual.TweetMapper toGregorianCalendar
OFF: Calendar date UTC : Sun May 15 08:23:05 UTC 2016
May 15, 2016 12:37:03 PM za.ac.wits.cpd.service.bigdatavisual.TweetMapper toGregorianCalendar
OFF: JSON provided date: Sun May 15 08:23:05 +0000 2016
May 15, 2016 12:37:03 PM com.google.maps.GeoApiContext getWithPath
INFO: Request: https://maps.googleapis.com/maps/api/geocode/json?key=AIzaSyA3kPdcv9LNfthpEUHFkvh0vGvl8XpSdww&amp;address=Johannesburg
May 15, 2016 12:37:04 PM za.ac.wits.cpd.service.bigdatavisual.TweetsDataExtractor fetchTweets
SEVERE: **** Number of tweets before determining the location: 15
May 15, 2016 12:37:04 PM za.ac.wits.cpd.service.bigdatavisual.FileHelper write
OFF: /home/mkhwinana/Dev/eduworkspace/TwitterAuthService/tweets/tweet-1463308624187.json written....
May 15, 2016 12:37:04 PM za.ac.wits.cpd.service.bigdatavisual.TweetMapper toGregorianCalendar
OFF: Calendar date UTC : Sun May 15 08:04:48 UTC 2016
May 15, 2016 12:37:04 PM za.ac.wits.cpd.service.bigdatavisual.TweetMapper toGregorianCalendar
OFF: JSON provided date: Sun May 15 08:04:48 +0000 2016
May 15, 2016 12:37:04 PM za.ac.wits.cpd.service.bigdatavisual.TweetsDataExtractor fetchTweets
SEVERE: **** Number of tweets before determining the location: 15
May 15, 2016 12:37:04 PM za.ac.wits.cpd.service.bigdatavisual.FileHelper write
OFF: /home/mkhwinana/Dev/eduworkspace/TwitterAuthService/tweets/tweet-1463308624189.json written....
May 15, 2016 12:37:04 PM za.ac.wits.cpd.service.bigdatavisual.TweetMapper toGregorianCalendar
OFF: Calendar date UTC : Sun May 15 07:40:18 UTC 2016
May 15, 2016 12:37:04 PM za.ac.wits.cpd.service.bigdatavisual.TweetMapper toGregorianCalendar
OFF: JSON provided date: Sun May 15 07:40:18 +0000 2016
May 15, 2016 12:37:04 PM com.google.maps.GeoApiContext getWithPath
INFO: Request: https://maps.googleapis.com/maps/api/geocode/json?key=AIzaSyA3kPdcv9LNfthpEUHFkvh0vGvl8XpSdww&amp;address=Katlehong+%28Thokoza%29+%23K1MustRise
May 15, 2016 12:37:04 PM za.ac.wits.cpd.service.bigdatavisual.TweetsDataExtractor fetchTweets
SEVERE: **** Number of tweets before determining the location: 15
May 15, 2016 12:37:04 PM za.ac.wits.cpd.service.bigdatavisual.FileHelper write
OFF: /home/mkhwinana/Dev/eduworkspace/TwitterAuthService/tweets/tweet-1463308624468.json written....
May 15, 2016 12:37:04 PM za.ac.wits.cpd.service.bigdatavisual.TweetMapper toGregorianCalendar
OFF: Calendar date UTC : Sun May 15 06:43:59 UTC 2016
May 15, 2016 12:37:04 PM za.ac.wits.cpd.service.bigdatavisual.TweetMapper toGregorianCalendar
OFF: JSON provided date: Sun May 15 06:43:59 +0000 2016
May 15, 2016 12:37:04 PM com.google.maps.GeoApiContext getWithPath
INFO: Request: https://maps.googleapis.com/maps/api/geocode/json?key=AIzaSyA3kPdcv9LNfthpEUHFkvh0vGvl8XpSdww&amp;address=Cape+Town
May 15, 2016 12:37:04 PM za.ac.wits.cpd.service.bigdatavisual.TweetsDataExtractor fetchTweets
SEVERE: **** Number of tweets before determining the location: 15
May 15, 2016 12:37:04 PM za.ac.wits.cpd.service.bigdatavisual.FileHelper write
OFF: /home/mkhwinana/Dev/eduworkspace/TwitterAuthService/tweets/tweet-1463308624714.json written....
May 15, 2016 12:37:04 PM za.ac.wits.cpd.service.bigdatavisual.TweetMapper toGregorianCalendar
OFF: Calendar date UTC : Sun May 15 06:26:58 UTC 2016
May 15, 2016 12:37:04 PM za.ac.wits.cpd.service.bigdatavisual.TweetMapper toGregorianCalendar
OFF: JSON provided date: Sun May 15 06:26:58 +0000 2016
May 15, 2016 12:37:04 PM com.google.maps.GeoApiContext getWithPath
INFO: Request: https://maps.googleapis.com/maps/api/geocode/json?key=AIzaSyA3kPdcv9LNfthpEUHFkvh0vGvl8XpSdww&amp;address=South+Africa
May 15, 2016 12:37:04 PM za.ac.wits.cpd.service.bigdatavisual.TweetsDataExtractor fetchTweets
SEVERE: **** Number of tweets before determining the location: 15
May 15, 2016 12:37:04 PM za.ac.wits.cpd.service.bigdatavisual.FileHelper write
OFF: /home/mkhwinana/Dev/eduworkspace/TwitterAuthService/tweets/tweet-1463308624903.json written....
May 15, 2016 12:37:04 PM za.ac.wits.cpd.service.bigdatavisual.TweetMapper toGregorianCalendar
OFF: Calendar date UTC : Sun May 15 04:56:41 UTC 2016
May 15, 2016 12:37:04 PM za.ac.wits.cpd.service.bigdatavisual.TweetMapper toGregorianCalendar
OFF: JSON provided date: Sun May 15 04:56:41 +0000 2016
May 15, 2016 12:37:04 PM com.google.maps.GeoApiContext getWithPath
INFO: Request: https://maps.googleapis.com/maps/api/geocode/json?key=AIzaSyA3kPdcv9LNfthpEUHFkvh0vGvl8XpSdww&amp;address=Australia
May 15, 2016 12:37:05 PM za.ac.wits.cpd.service.bigdatavisual.TweetsDataExtractor fetchTweets
SEVERE: **** Number of tweets before determining the location: 15
May 15, 2016 12:37:05 PM za.ac.wits.cpd.service.bigdatavisual.FileHelper write
OFF: /home/mkhwinana/Dev/eduworkspace/TwitterAuthService/tweets/tweet-1463308625087.json written....
May 15, 2016 12:37:05 PM za.ac.wits.cpd.service.bigdatavisual.TweetMapper toGregorianCalendar
OFF: Calendar date UTC : Sun May 15 04:55:11 UTC 2016
May 15, 2016 12:37:05 PM za.ac.wits.cpd.service.bigdatavisual.TweetMapper toGregorianCalendar
OFF: JSON provided date: Sun May 15 04:55:11 +0000 2016
May 15, 2016 12:37:05 PM com.google.maps.GeoApiContext getWithPath
INFO: Request: https://maps.googleapis.com/maps/api/geocode/json?key=AIzaSyA3kPdcv9LNfthpEUHFkvh0vGvl8XpSdww&amp;address=Australia
May 15, 2016 12:37:05 PM za.ac.wits.cpd.service.bigdatavisual.TweetsDataExtractor fetchTweets
SEVERE: **** Number of tweets before determining the location: 15
May 15, 2016 12:37:05 PM za.ac.wits.cpd.service.bigdatavisual.FileHelper write
OFF: /home/mkhwinana/Dev/eduworkspace/TwitterAuthService/tweets/tweet-1463308625271.json written....
May 15, 2016 12:37:05 PM za.ac.wits.cpd.service.bigdatavisual.TweetMapper toGregorianCalendar
OFF: Calendar date UTC : Sun May 15 04:53:55 UTC 2016
May 15, 2016 12:37:05 PM za.ac.wits.cpd.service.bigdatavisual.TweetMapper toGregorianCalendar
OFF: JSON provided date: Sun May 15 04:53:55 +0000 2016
May 15, 2016 12:37:05 PM com.google.maps.GeoApiContext getWithPath
INFO: Request: https://maps.googleapis.com/maps/api/geocode/json?key=AIzaSyA3kPdcv9LNfthpEUHFkvh0vGvl8XpSdww&amp;address=Australia
May 15, 2016 12:37:05 PM za.ac.wits.cpd.service.bigdatavisual.TweetsDataExtractor fetchTweets
SEVERE: **** Number of tweets before determining the location: 15
May 15, 2016 12:37:05 PM za.ac.wits.cpd.service.bigdatavisual.FileHelper write
OFF: /home/mkhwinana/Dev/eduworkspace/TwitterAuthService/tweets/tweet-1463308625458.json written....
May 15, 2016 12:37:05 PM za.ac.wits.cpd.service.bigdatavisual.TweetMapper toGregorianCalendar
OFF: Calendar date UTC : Sun May 15 01:52:03 UTC 2016
May 15, 2016 12:37:05 PM za.ac.wits.cpd.service.bigdatavisual.TweetMapper toGregorianCalendar
OFF: JSON provided date: Sun May 15 01:52:03 +0000 2016
May 15, 2016 12:37:05 PM com.google.maps.GeoApiContext getWithPath
INFO: Request: https://maps.googleapis.com/maps/api/geocode/json?key=AIzaSyA3kPdcv9LNfthpEUHFkvh0vGvl8XpSdww&amp;address=South+Africa
May 15, 2016 12:37:05 PM za.ac.wits.cpd.service.bigdatavisual.TweetsDataExtractor fetchTweets
SEVERE: **** Number of tweets before determining the location: 15
May 15, 2016 12:37:05 PM za.ac.wits.cpd.service.bigdatavisual.FileHelper write
OFF: /home/mkhwinana/Dev/eduworkspace/TwitterAuthService/tweets/tweet-1463308625641.json written....
May 15, 2016 12:37:05 PM za.ac.wits.cpd.service.bigdatavisual.TweetMapper toGregorianCalendar
OFF: Calendar date UTC : Sun May 15 00:34:17 UTC 2016
May 15, 2016 12:37:05 PM za.ac.wits.cpd.service.bigdatavisual.TweetMapper toGregorianCalendar
OFF: JSON provided date: Sun May 15 00:34:17 +0000 2016
May 15, 2016 12:37:05 PM za.ac.wits.cpd.service.bigdatavisual.TweetsDataExtractor fetchTweets
SEVERE: **** Number of tweets before determining the location: 15
May 15, 2016 12:37:05 PM za.ac.wits.cpd.service.bigdatavisual.FileHelper write
OFF: /home/mkhwinana/Dev/eduworkspace/TwitterAuthService/tweets/tweet-1463308625643.json written....
May 15, 2016 12:37:05 PM za.ac.wits.cpd.service.bigdatavisual.TweetMapper toGregorianCalendar
OFF: Calendar date UTC : Sun May 15 00:18:05 UTC 2016
May 15, 2016 12:37:05 PM za.ac.wits.cpd.service.bigdatavisual.TweetMapper toGregorianCalendar
OFF: JSON provided date: Sun May 15 00:18:05 +0000 2016
May 15, 2016 12:37:05 PM com.google.maps.GeoApiContext getWithPath
INFO: Request: https://maps.googleapis.com/maps/api/geocode/json?key=AIzaSyA3kPdcv9LNfthpEUHFkvh0vGvl8XpSdww&amp;address=C%C3%B3rdoba%2C+Spain.
May 15, 2016 12:37:05 PM za.ac.wits.cpd.service.bigdatavisual.TweetsDataExtractor fetchTweets
SEVERE: **** Number of tweets before determining the location: 15
May 15, 2016 12:37:05 PM za.ac.wits.cpd.service.bigdatavisual.TweetsDataExtractor fetchTweets
SEVERE: +++++ Number of tweets after determining the location: 10
</system-err>
  </testcase>
</testsuite>